{"/Users/htchen/code_base/app/apps/mobile/src/components/DatePicker.tsx": {"path":"/Users/htchen/code_base/app/apps/mobile/src/components/DatePicker.tsx","statementMap":{"0":{"start":{"line":25,"column":46},"end":{"line":89,"column":1}},"1":{"start":{"line":34,"column":38},"end":{"line":34,"column":53}},"2":{"start":{"line":36,"column":27},"end":{"line":46,"column":3}},"3":{"start":{"line":41,"column":4},"end":{"line":43,"column":5}},"4":{"start":{"line":42,"column":6},"end":{"line":42,"column":27}},"5":{"start":{"line":45,"column":4},"end":{"line":45,"column":42}},"6":{"start":{"line":49,"column":38},"end":{"line":56,"column":3}},"7":{"start":{"line":50,"column":4},"end":{"line":55,"column":23}},"8":{"start":{"line":52,"column":21},"end":{"line":52,"column":41}},"9":{"start":{"line":58,"column":2},"end":{"line":88,"column":4}},"10":{"start":{"line":62,"column":23},"end":{"line":62,"column":42}},"11":{"start":{"line":91,"column":15},"end":{"line":127,"column":2}}},"fnMap":{"0":{"name":"(anonymous_0)","decl":{"start":{"line":25,"column":46},"end":{"line":25,"column":47}},"loc":{"start":{"line":33,"column":6},"end":{"line":89,"column":1}},"line":33},"1":{"name":"(anonymous_1)","decl":{"start":{"line":36,"column":27},"end":{"line":36,"column":28}},"loc":{"start":{"line":39,"column":7},"end":{"line":46,"column":3}},"line":39},"2":{"name":"(anonymous_2)","decl":{"start":{"line":49,"column":38},"end":{"line":49,"column":39}},"loc":{"start":{"line":50,"column":4},"end":{"line":55,"column":23}},"line":50},"3":{"name":"(anonymous_3)","decl":{"start":{"line":52,"column":15},"end":{"line":52,"column":16}},"loc":{"start":{"line":52,"column":21},"end":{"line":52,"column":41}},"line":52},"4":{"name":"(anonymous_4)","decl":{"start":{"line":62,"column":17},"end":{"line":62,"column":18}},"loc":{"start":{"line":62,"column":23},"end":{"line":62,"column":42}},"line":62}},"branchMap":{"0":{"loc":{"start":{"line":41,"column":4},"end":{"line":43,"column":5}},"type":"if","locations":[{"start":{"line":41,"column":4},"end":{"line":43,"column":5}},{"start":{},"end":{}}],"line":41},"1":{"loc":{"start":{"line":45,"column":20},"end":{"line":45,"column":40}},"type":"binary-expr","locations":[{"start":{"line":45,"column":20},"end":{"line":45,"column":32}},{"start":{"line":45,"column":36},"end":{"line":45,"column":40}}],"line":45},"2":{"loc":{"start":{"line":72,"column":7},"end":{"line":86,"column":7}},"type":"binary-expr","locations":[{"start":{"line":72,"column":7},"end":{"line":72,"column":17}},{"start":{"line":73,"column":8},"end":{"line":85,"column":11}}],"line":72},"3":{"loc":{"start":{"line":75,"column":11},"end":{"line":75,"column":65}},"type":"binary-expr","locations":[{"start":{"line":75,"column":11},"end":{"line":75,"column":32}},{"start":{"line":75,"column":36},"end":{"line":75,"column":65}}],"line":75},"4":{"loc":{"start":{"line":80,"column":21},"end":{"line":80,"column":66}},"type":"cond-expr","locations":[{"start":{"line":80,"column":45},"end":{"line":80,"column":54}},{"start":{"line":80,"column":57},"end":{"line":80,"column":66}}],"line":80}},"s":{"0":0,"1":0,"2":0,"3":0,"4":0,"5":0,"6":0,"7":0,"8":0,"9":0,"10":0,"11":0},"f":{"0":0,"1":0,"2":0,"3":0,"4":0},"b":{"0":[0,0],"1":[0,0],"2":[0,0],"3":[0,0],"4":[0,0]}}
,"/Users/htchen/code_base/app/apps/mobile/src/components/ExpenseListItem.tsx": {"path":"/Users/htchen/code_base/app/apps/mobile/src/components/ExpenseListItem.tsx","statementMap":{"0":{"start":{"line":14,"column":56},"end":{"line":90,"column":1}},"1":{"start":{"line":24,"column":4},"end":{"line":26,"column":12}},"2":{"start":{"line":25,"column":36},"end":{"line":25,"column":56}},"3":{"start":{"line":28,"column":28},"end":{"line":41,"column":3}},"4":{"start":{"line":29,"column":4},"end":{"line":40,"column":6}},"5":{"start":{"line":36,"column":25},"end":{"line":36,"column":42}},"6":{"start":{"line":43,"column":2},"end":{"line":89,"column":4}},"7":{"start":{"line":77,"column":25},"end":{"line":77,"column":37}},"8":{"start":{"line":93,"column":15},"end":{"line":195,"column":2}}},"fnMap":{"0":{"name":"(anonymous_0)","decl":{"start":{"line":14,"column":56},"end":{"line":14,"column":57}},"loc":{"start":{"line":21,"column":6},"end":{"line":90,"column":1}},"line":21},"1":{"name":"(anonymous_1)","decl":{"start":{"line":25,"column":29},"end":{"line":25,"column":30}},"loc":{"start":{"line":25,"column":36},"end":{"line":25,"column":56}},"line":25},"2":{"name":"(anonymous_2)","decl":{"start":{"line":28,"column":28},"end":{"line":28,"column":29}},"loc":{"start":{"line":28,"column":34},"end":{"line":41,"column":3}},"line":28},"3":{"name":"(anonymous_3)","decl":{"start":{"line":36,"column":19},"end":{"line":36,"column":20}},"loc":{"start":{"line":36,"column":25},"end":{"line":36,"column":42}},"line":36},"4":{"name":"(anonymous_4)","decl":{"start":{"line":77,"column":19},"end":{"line":77,"column":20}},"loc":{"start":{"line":77,"column":25},"end":{"line":77,"column":37}},"line":77}},"branchMap":{"0":{"loc":{"start":{"line":24,"column":4},"end":{"line":26,"column":12}},"type":"cond-expr","locations":[{"start":{"line":25,"column":8},"end":{"line":25,"column":57}},{"start":{"line":26,"column":8},"end":{"line":26,"column":12}}],"line":24},"1":{"loc":{"start":{"line":24,"column":4},"end":{"line":24,"column":34}},"type":"binary-expr","locations":[{"start":{"line":24,"column":4},"end":{"line":24,"column":15}},{"start":{"line":24,"column":19},"end":{"line":24,"column":34}}],"line":24},"2":{"loc":{"start":{"line":56,"column":13},"end":{"line":60,"column":13}},"type":"binary-expr","locations":[{"start":{"line":56,"column":13},"end":{"line":56,"column":18}},{"start":{"line":57,"column":14},"end":{"line":59,"column":21}}],"line":56},"3":{"loc":{"start":{"line":62,"column":11},"end":{"line":64,"column":11}},"type":"binary-expr","locations":[{"start":{"line":62,"column":11},"end":{"line":62,"column":16}},{"start":{"line":63,"column":12},"end":{"line":63,"column":72}}],"line":62},"4":{"loc":{"start":{"line":67,"column":11},"end":{"line":69,"column":11}},"type":"binary-expr","locations":[{"start":{"line":67,"column":11},"end":{"line":67,"column":23}},{"start":{"line":68,"column":12},"end":{"line":68,"column":69}}],"line":67}},"s":{"0":0,"1":0,"2":0,"3":0,"4":0,"5":0,"6":0,"7":0,"8":0},"f":{"0":0,"1":0,"2":0,"3":0,"4":0},"b":{"0":[0,0],"1":[0,0],"2":[0,0],"3":[0,0],"4":[0,0]}}
,"/Users/htchen/code_base/app/apps/mobile/src/components/FloatingActionButton.tsx": {"path":"/Users/htchen/code_base/app/apps/mobile/src/components/FloatingActionButton.tsx","statementMap":{"0":{"start":{"line":30,"column":66},"end":{"line":50,"column":1}},"1":{"start":{"line":35,"column":21},"end":{"line":35,"column":52}},"2":{"start":{"line":37,"column":22},"end":{"line":43,"column":3}},"3":{"start":{"line":38,"column":4},"end":{"line":42,"column":5}},"4":{"start":{"line":39,"column":6},"end":{"line":39,"column":16}},"5":{"start":{"line":41,"column":6},"end":{"line":41,"column":75}},"6":{"start":{"line":45,"column":2},"end":{"line":49,"column":4}},"7":{"start":{"line":52,"column":15},"end":{"line":76,"column":2}}},"fnMap":{"0":{"name":"(anonymous_0)","decl":{"start":{"line":30,"column":66},"end":{"line":30,"column":67}},"loc":{"start":{"line":34,"column":6},"end":{"line":50,"column":1}},"line":34},"1":{"name":"(anonymous_1)","decl":{"start":{"line":37,"column":22},"end":{"line":37,"column":23}},"loc":{"start":{"line":37,"column":28},"end":{"line":43,"column":3}},"line":37}},"branchMap":{"0":{"loc":{"start":{"line":38,"column":4},"end":{"line":42,"column":5}},"type":"if","locations":[{"start":{"line":38,"column":4},"end":{"line":42,"column":5}},{"start":{"line":40,"column":11},"end":{"line":42,"column":5}}],"line":38},"1":{"loc":{"start":{"line":41,"column":40},"end":{"line":41,"column":73}},"type":"cond-expr","locations":[{"start":{"line":41,"column":50},"end":{"line":41,"column":61}},{"start":{"line":41,"column":64},"end":{"line":41,"column":73}}],"line":41}},"s":{"0":0,"1":0,"2":0,"3":0,"4":0,"5":0,"6":0,"7":0},"f":{"0":0,"1":0},"b":{"0":[0,0],"1":[0,0]}}
,"/Users/htchen/code_base/app/apps/mobile/src/components/FormInput.tsx": {"path":"/Users/htchen/code_base/app/apps/mobile/src/components/FormInput.tsx","statementMap":{"0":{"start":{"line":22,"column":44},"end":{"line":48,"column":1}},"1":{"start":{"line":32,"column":2},"end":{"line":47,"column":4}},"2":{"start":{"line":50,"column":15},"end":{"line":73,"column":2}}},"fnMap":{"0":{"name":"(anonymous_0)","decl":{"start":{"line":22,"column":44},"end":{"line":22,"column":45}},"loc":{"start":{"line":31,"column":6},"end":{"line":48,"column":1}},"line":31}},"branchMap":{"0":{"loc":{"start":{"line":27,"column":2},"end":{"line":27,"column":26}},"type":"default-arg","locations":[{"start":{"line":27,"column":17},"end":{"line":27,"column":26}}],"line":27},"1":{"loc":{"start":{"line":28,"column":2},"end":{"line":28,"column":19}},"type":"default-arg","locations":[{"start":{"line":28,"column":14},"end":{"line":28,"column":19}}],"line":28},"2":{"loc":{"start":{"line":36,"column":30},"end":{"line":36,"column":64}},"type":"binary-expr","locations":[{"start":{"line":36,"column":30},"end":{"line":36,"column":39}},{"start":{"line":36,"column":43},"end":{"line":36,"column":64}}],"line":36},"3":{"loc":{"start":{"line":42,"column":23},"end":{"line":42,"column":52}},"type":"cond-expr","locations":[{"start":{"line":42,"column":35},"end":{"line":42,"column":48}},{"start":{"line":42,"column":51},"end":{"line":42,"column":52}}],"line":42},"4":{"loc":{"start":{"line":43,"column":27},"end":{"line":43,"column":55}},"type":"cond-expr","locations":[{"start":{"line":43,"column":39},"end":{"line":43,"column":44}},{"start":{"line":43,"column":47},"end":{"line":43,"column":55}}],"line":43}},"s":{"0":0,"1":0,"2":0},"f":{"0":0},"b":{"0":[0],"1":[0],"2":[0,0],"3":[0,0],"4":[0,0]}}
,"/Users/htchen/code_base/app/apps/mobile/src/components/GroupBalancesOverlay.tsx": {"path":"/Users/htchen/code_base/app/apps/mobile/src/components/GroupBalancesOverlay.tsx","statementMap":{"0":{"start":{"line":26,"column":66},"end":{"line":90,"column":1}},"1":{"start":{"line":34,"column":31},"end":{"line":36,"column":25}},"2":{"start":{"line":35,"column":4},"end":{"line":35,"column":64}},"3":{"start":{"line":38,"column":30},"end":{"line":62,"column":3}},"4":{"start":{"line":39,"column":20},"end":{"line":39,"column":35}},"5":{"start":{"line":40,"column":22},"end":{"line":40,"column":24}},"6":{"start":{"line":41,"column":4},"end":{"line":47,"column":5}},"7":{"start":{"line":42,"column":6},"end":{"line":42,"column":53}},"8":{"start":{"line":43,"column":11},"end":{"line":47,"column":5}},"9":{"start":{"line":44,"column":6},"end":{"line":44,"column":60}},"10":{"start":{"line":46,"column":6},"end":{"line":46,"column":33}},"11":{"start":{"line":49,"column":4},"end":{"line":61,"column":6}},"12":{"start":{"line":64,"column":2},"end":{"line":89,"column":4}},"13":{"start":{"line":77,"column":36},"end":{"line":77,"column":49}},"14":{"start":{"line":92,"column":15},"end":{"line":158,"column":2}}},"fnMap":{"0":{"name":"(anonymous_0)","decl":{"start":{"line":26,"column":66},"end":{"line":26,"column":67}},"loc":{"start":{"line":32,"column":6},"end":{"line":90,"column":1}},"line":32},"1":{"name":"(anonymous_1)","decl":{"start":{"line":34,"column":45},"end":{"line":34,"column":46}},"loc":{"start":{"line":34,"column":51},"end":{"line":36,"column":3}},"line":34},"2":{"name":"(anonymous_2)","decl":{"start":{"line":38,"column":30},"end":{"line":38,"column":31}},"loc":{"start":{"line":38,"column":76},"end":{"line":62,"column":3}},"line":38},"3":{"name":"(anonymous_3)","decl":{"start":{"line":77,"column":26},"end":{"line":77,"column":27}},"loc":{"start":{"line":77,"column":36},"end":{"line":77,"column":49}},"line":77}},"branchMap":{"0":{"loc":{"start":{"line":41,"column":4},"end":{"line":47,"column":5}},"type":"if","locations":[{"start":{"line":41,"column":4},"end":{"line":47,"column":5}},{"start":{"line":43,"column":11},"end":{"line":47,"column":5}}],"line":41},"1":{"loc":{"start":{"line":43,"column":11},"end":{"line":47,"column":5}},"type":"if","locations":[{"start":{"line":43,"column":11},"end":{"line":47,"column":5}},{"start":{"line":45,"column":11},"end":{"line":47,"column":5}}],"line":43},"2":{"loc":{"start":{"line":53,"column":11},"end":{"line":53,"column":58}},"type":"cond-expr","locations":[{"start":{"line":53,"column":45},"end":{"line":53,"column":53}},{"start":{"line":53,"column":56},"end":{"line":53,"column":58}}],"line":53}},"s":{"0":0,"1":0,"2":0,"3":0,"4":0,"5":0,"6":0,"7":0,"8":0,"9":0,"10":0,"11":0,"12":0,"13":0,"14":0},"f":{"0":0,"1":0,"2":0,"3":0},"b":{"0":[0,0],"1":[0,0],"2":[0,0]}}
,"/Users/htchen/code_base/app/apps/mobile/src/components/GroupListItem.tsx": {"path":"/Users/htchen/code_base/app/apps/mobile/src/components/GroupListItem.tsx","statementMap":{"0":{"start":{"line":14,"column":52},"end":{"line":65,"column":1}},"1":{"start":{"line":22,"column":2},"end":{"line":64,"column":4}},"2":{"start":{"line":24,"column":21},"end":{"line":24,"column":38}},"3":{"start":{"line":31,"column":25},"end":{"line":31,"column":48}},"4":{"start":{"line":45,"column":10},"end":{"line":53,"column":17}},"5":{"start":{"line":48,"column":29},"end":{"line":48,"column":74}},"6":{"start":{"line":58,"column":25},"end":{"line":58,"column":48}},"7":{"start":{"line":68,"column":15},"end":{"line":138,"column":2}}},"fnMap":{"0":{"name":"(anonymous_0)","decl":{"start":{"line":14,"column":52},"end":{"line":14,"column":53}},"loc":{"start":{"line":21,"column":6},"end":{"line":65,"column":1}},"line":21},"1":{"name":"(anonymous_1)","decl":{"start":{"line":24,"column":15},"end":{"line":24,"column":16}},"loc":{"start":{"line":24,"column":21},"end":{"line":24,"column":38}},"line":24},"2":{"name":"(anonymous_2)","decl":{"start":{"line":31,"column":19},"end":{"line":31,"column":20}},"loc":{"start":{"line":31,"column":25},"end":{"line":31,"column":48}},"line":31},"3":{"name":"(anonymous_3)","decl":{"start":{"line":44,"column":32},"end":{"line":44,"column":33}},"loc":{"start":{"line":45,"column":10},"end":{"line":53,"column":17}},"line":45},"4":{"name":"(anonymous_4)","decl":{"start":{"line":48,"column":23},"end":{"line":48,"column":24}},"loc":{"start":{"line":48,"column":29},"end":{"line":48,"column":74}},"line":48},"5":{"name":"(anonymous_5)","decl":{"start":{"line":58,"column":19},"end":{"line":58,"column":20}},"loc":{"start":{"line":58,"column":25},"end":{"line":58,"column":48}},"line":58}},"branchMap":{},"s":{"0":0,"1":0,"2":0,"3":0,"4":0,"5":0,"6":0,"7":0},"f":{"0":0,"1":0,"2":0,"3":0,"4":0,"5":0},"b":{}}
,"/Users/htchen/code_base/app/apps/mobile/src/components/ParticipantTag.tsx": {"path":"/Users/htchen/code_base/app/apps/mobile/src/components/ParticipantTag.tsx","statementMap":{"0":{"start":{"line":9,"column":54},"end":{"line":21,"column":1}},"1":{"start":{"line":13,"column":2},"end":{"line":20,"column":4}},"2":{"start":{"line":23,"column":15},"end":{"line":48,"column":2}}},"fnMap":{"0":{"name":"(anonymous_0)","decl":{"start":{"line":9,"column":54},"end":{"line":9,"column":55}},"loc":{"start":{"line":12,"column":6},"end":{"line":21,"column":1}},"line":12}},"branchMap":{},"s":{"0":0,"1":0,"2":0},"f":{"0":0},"b":{}}
,"/Users/htchen/code_base/app/apps/mobile/src/components/SelectInput.tsx": {"path":"/Users/htchen/code_base/app/apps/mobile/src/components/SelectInput.tsx","statementMap":{"0":{"start":{"line":21,"column":48},"end":{"line":50,"column":1}},"1":{"start":{"line":30,"column":23},"end":{"line":30,"column":51}},"2":{"start":{"line":31,"column":24},"end":{"line":31,"column":38}},"3":{"start":{"line":33,"column":2},"end":{"line":49,"column":4}},"4":{"start":{"line":52,"column":15},"end":{"line":79,"column":2}}},"fnMap":{"0":{"name":"(anonymous_0)","decl":{"start":{"line":21,"column":48},"end":{"line":21,"column":49}},"loc":{"start":{"line":29,"column":6},"end":{"line":50,"column":1}},"line":29}},"branchMap":{"0":{"loc":{"start":{"line":24,"column":2},"end":{"line":24,"column":27}},"type":"default-arg","locations":[{"start":{"line":24,"column":16},"end":{"line":24,"column":27}}],"line":24},"1":{"loc":{"start":{"line":30,"column":23},"end":{"line":30,"column":51}},"type":"binary-expr","locations":[{"start":{"line":30,"column":23},"end":{"line":30,"column":36}},{"start":{"line":30,"column":40},"end":{"line":30,"column":51}}],"line":30},"2":{"loc":{"start":{"line":40,"column":12},"end":{"line":40,"column":51}},"type":"binary-expr","locations":[{"start":{"line":40,"column":12},"end":{"line":40,"column":25}},{"start":{"line":40,"column":29},"end":{"line":40,"column":51}}],"line":40}},"s":{"0":0,"1":0,"2":0,"3":0,"4":0},"f":{"0":0},"b":{"0":[0],"1":[0,0],"2":[0,0]}}
,"/Users/htchen/code_base/app/apps/mobile/src/components/SelectionModal.tsx": {"path":"/Users/htchen/code_base/app/apps/mobile/src/components/SelectionModal.tsx","statementMap":{"0":{"start":{"line":40,"column":26},"end":{"line":45,"column":3}},"1":{"start":{"line":41,"column":4},"end":{"line":41,"column":19}},"2":{"start":{"line":42,"column":4},"end":{"line":44,"column":5}},"3":{"start":{"line":43,"column":6},"end":{"line":43,"column":16}},"4":{"start":{"line":47,"column":2},"end":{"line":93,"column":4}},"5":{"start":{"line":62,"column":16},"end":{"line":70,"column":35}},"6":{"start":{"line":67,"column":33},"end":{"line":67,"column":54}},"7":{"start":{"line":96,"column":15},"end":{"line":162,"column":2}}},"fnMap":{"0":{"name":"SelectionModal","decl":{"start":{"line":28,"column":9},"end":{"line":28,"column":23}},"loc":{"start":{"line":39,"column":27},"end":{"line":94,"column":1}},"line":39},"1":{"name":"(anonymous_1)","decl":{"start":{"line":40,"column":26},"end":{"line":40,"column":27}},"loc":{"start":{"line":40,"column":39},"end":{"line":45,"column":3}},"line":40},"2":{"name":"(anonymous_2)","decl":{"start":{"line":61,"column":26},"end":{"line":61,"column":27}},"loc":{"start":{"line":62,"column":16},"end":{"line":70,"column":35}},"line":62},"3":{"name":"(anonymous_3)","decl":{"start":{"line":67,"column":27},"end":{"line":67,"column":28}},"loc":{"start":{"line":67,"column":33},"end":{"line":67,"column":54}},"line":67}},"branchMap":{"0":{"loc":{"start":{"line":37,"column":2},"end":{"line":37,"column":21}},"type":"default-arg","locations":[{"start":{"line":37,"column":16},"end":{"line":37,"column":21}}],"line":37},"1":{"loc":{"start":{"line":42,"column":4},"end":{"line":44,"column":5}},"type":"if","locations":[{"start":{"line":42,"column":4},"end":{"line":44,"column":5}},{"start":{},"end":{}}],"line":42},"2":{"loc":{"start":{"line":65,"column":20},"end":{"line":65,"column":59}},"type":"binary-expr","locations":[{"start":{"line":65,"column":20},"end":{"line":65,"column":36}},{"start":{"line":65,"column":40},"end":{"line":65,"column":59}}],"line":65},"3":{"loc":{"start":{"line":75,"column":15},"end":{"line":82,"column":15}},"type":"binary-expr","locations":[{"start":{"line":75,"column":15},"end":{"line":75,"column":31}},{"start":{"line":76,"column":16},"end":{"line":81,"column":35}}],"line":75},"4":{"loc":{"start":{"line":85,"column":19},"end":{"line":85,"column":50}},"type":"cond-expr","locations":[{"start":{"line":85,"column":33},"end":{"line":85,"column":39}},{"start":{"line":85,"column":42},"end":{"line":85,"column":50}}],"line":85}},"s":{"0":0,"1":0,"2":0,"3":0,"4":0,"5":0,"6":0,"7":0},"f":{"0":0,"1":0,"2":0,"3":0},"b":{"0":[0],"1":[0,0],"2":[0,0],"3":[0,0],"4":[0,0]}}
,"/Users/htchen/code_base/app/apps/mobile/src/components/TextInputModal.tsx": {"path":"/Users/htchen/code_base/app/apps/mobile/src/components/TextInputModal.tsx","statementMap":{"0":{"start":{"line":24,"column":54},"end":{"line":96,"column":1}},"1":{"start":{"line":34,"column":38},"end":{"line":34,"column":60}},"2":{"start":{"line":37,"column":2},"end":{"line":41,"column":30}},"3":{"start":{"line":38,"column":4},"end":{"line":40,"column":5}},"4":{"start":{"line":39,"column":6},"end":{"line":39,"column":34}},"5":{"start":{"line":43,"column":23},"end":{"line":51,"column":3}},"6":{"start":{"line":44,"column":4},"end":{"line":50,"column":5}},"7":{"start":{"line":45,"column":6},"end":{"line":45,"column":34}},"8":{"start":{"line":46,"column":6},"end":{"line":46,"column":16}},"9":{"start":{"line":49,"column":6},"end":{"line":49,"column":38}},"10":{"start":{"line":53,"column":2},"end":{"line":95,"column":4}},"11":{"start":{"line":99,"column":15},"end":{"line":160,"column":2}}},"fnMap":{"0":{"name":"(anonymous_0)","decl":{"start":{"line":24,"column":54},"end":{"line":24,"column":55}},"loc":{"start":{"line":33,"column":6},"end":{"line":96,"column":1}},"line":33},"1":{"name":"(anonymous_1)","decl":{"start":{"line":37,"column":12},"end":{"line":37,"column":13}},"loc":{"start":{"line":37,"column":18},"end":{"line":41,"column":3}},"line":37},"2":{"name":"(anonymous_2)","decl":{"start":{"line":43,"column":23},"end":{"line":43,"column":24}},"loc":{"start":{"line":43,"column":29},"end":{"line":51,"column":3}},"line":43}},"branchMap":{"0":{"loc":{"start":{"line":28,"column":2},"end":{"line":28,"column":29}},"type":"default-arg","locations":[{"start":{"line":28,"column":21},"end":{"line":28,"column":29}}],"line":28},"1":{"loc":{"start":{"line":29,"column":2},"end":{"line":29,"column":29}},"type":"default-arg","locations":[{"start":{"line":29,"column":21},"end":{"line":29,"column":29}}],"line":29},"2":{"loc":{"start":{"line":32,"column":2},"end":{"line":32,"column":19}},"type":"default-arg","locations":[{"start":{"line":32,"column":17},"end":{"line":32,"column":19}}],"line":32},"3":{"loc":{"start":{"line":38,"column":4},"end":{"line":40,"column":5}},"type":"if","locations":[{"start":{"line":38,"column":4},"end":{"line":40,"column":5}},{"start":{},"end":{}}],"line":38},"4":{"loc":{"start":{"line":44,"column":4},"end":{"line":50,"column":5}},"type":"if","locations":[{"start":{"line":44,"column":4},"end":{"line":50,"column":5}},{"start":{"line":47,"column":11},"end":{"line":50,"column":5}}],"line":44},"5":{"loc":{"start":{"line":61,"column":18},"end":{"line":61,"column":62}},"type":"cond-expr","locations":[{"start":{"line":61,"column":42},"end":{"line":61,"column":51}},{"start":{"line":61,"column":54},"end":{"line":61,"column":62}}],"line":61}},"s":{"0":0,"1":0,"2":0,"3":0,"4":0,"5":0,"6":0,"7":0,"8":0,"9":0,"10":0,"11":0},"f":{"0":0,"1":0,"2":0},"b":{"0":[0],"1":[0],"2":[0],"3":[0,0],"4":[0,0],"5":[0,0]}}
,"/Users/htchen/code_base/app/apps/mobile/src/components/ExpenseForm/BasicInfoSection.tsx": {"path":"/Users/htchen/code_base/app/apps/mobile/src/components/ExpenseForm/BasicInfoSection.tsx","statementMap":{"0":{"start":{"line":21,"column":65},"end":{"line":68,"column":1}},"1":{"start":{"line":33,"column":2},"end":{"line":67,"column":4}}},"fnMap":{"0":{"name":"(anonymous_0)","decl":{"start":{"line":21,"column":65},"end":{"line":21,"column":66}},"loc":{"start":{"line":32,"column":6},"end":{"line":68,"column":1}},"line":32}},"branchMap":{},"s":{"0":0,"1":0},"f":{"0":0},"b":{}}
,"/Users/htchen/code_base/app/apps/mobile/src/components/ExpenseForm/ExpenseModals.tsx": {"path":"/Users/htchen/code_base/app/apps/mobile/src/components/ExpenseForm/ExpenseModals.tsx","statementMap":{"0":{"start":{"line":41,"column":59},"end":{"line":129,"column":1}},"1":{"start":{"line":64,"column":2},"end":{"line":128,"column":4}},"2":{"start":{"line":72,"column":10},"end":{"line":72,"column":58}},"3":{"start":{"line":74,"column":32},"end":{"line":74,"column":36}},"4":{"start":{"line":76,"column":10},"end":{"line":76,"column":71}},"5":{"start":{"line":88,"column":10},"end":{"line":88,"column":63}},"6":{"start":{"line":90,"column":32},"end":{"line":90,"column":39}},"7":{"start":{"line":91,"column":30},"end":{"line":91,"column":59}},"8":{"start":{"line":103,"column":10},"end":{"line":103,"column":63}},"9":{"start":{"line":105,"column":32},"end":{"line":105,"column":39}},"10":{"start":{"line":106,"column":30},"end":{"line":106,"column":60}},"11":{"start":{"line":117,"column":10},"end":{"line":117,"column":63}},"12":{"start":{"line":119,"column":32},"end":{"line":119,"column":39}},"13":{"start":{"line":121,"column":10},"end":{"line":121,"column":60}},"14":{"start":{"line":121,"column":43},"end":{"line":121,"column":59}},"15":{"start":{"line":131,"column":15},"end":{"line":136,"column":2}}},"fnMap":{"0":{"name":"(anonymous_0)","decl":{"start":{"line":41,"column":59},"end":{"line":41,"column":60}},"loc":{"start":{"line":63,"column":6},"end":{"line":129,"column":1}},"line":63},"1":{"name":"(anonymous_1)","decl":{"start":{"line":71,"column":27},"end":{"line":71,"column":28}},"loc":{"start":{"line":72,"column":10},"end":{"line":72,"column":58}},"line":72},"2":{"name":"(anonymous_2)","decl":{"start":{"line":74,"column":22},"end":{"line":74,"column":23}},"loc":{"start":{"line":74,"column":32},"end":{"line":74,"column":36}},"line":74},"3":{"name":"(anonymous_3)","decl":{"start":{"line":75,"column":20},"end":{"line":75,"column":21}},"loc":{"start":{"line":76,"column":10},"end":{"line":76,"column":71}},"line":76},"4":{"name":"(anonymous_4)","decl":{"start":{"line":87,"column":27},"end":{"line":87,"column":28}},"loc":{"start":{"line":88,"column":10},"end":{"line":88,"column":63}},"line":88},"5":{"name":"(anonymous_5)","decl":{"start":{"line":90,"column":22},"end":{"line":90,"column":23}},"loc":{"start":{"line":90,"column":32},"end":{"line":90,"column":39}},"line":90},"6":{"name":"(anonymous_6)","decl":{"start":{"line":91,"column":20},"end":{"line":91,"column":21}},"loc":{"start":{"line":91,"column":30},"end":{"line":91,"column":59}},"line":91},"7":{"name":"(anonymous_7)","decl":{"start":{"line":102,"column":27},"end":{"line":102,"column":28}},"loc":{"start":{"line":103,"column":10},"end":{"line":103,"column":63}},"line":103},"8":{"name":"(anonymous_8)","decl":{"start":{"line":105,"column":22},"end":{"line":105,"column":23}},"loc":{"start":{"line":105,"column":32},"end":{"line":105,"column":39}},"line":105},"9":{"name":"(anonymous_9)","decl":{"start":{"line":106,"column":20},"end":{"line":106,"column":21}},"loc":{"start":{"line":106,"column":30},"end":{"line":106,"column":60}},"line":106},"10":{"name":"(anonymous_10)","decl":{"start":{"line":116,"column":27},"end":{"line":116,"column":28}},"loc":{"start":{"line":117,"column":10},"end":{"line":117,"column":63}},"line":117},"11":{"name":"(anonymous_11)","decl":{"start":{"line":119,"column":22},"end":{"line":119,"column":23}},"loc":{"start":{"line":119,"column":32},"end":{"line":119,"column":39}},"line":119},"12":{"name":"(anonymous_12)","decl":{"start":{"line":120,"column":20},"end":{"line":120,"column":21}},"loc":{"start":{"line":121,"column":10},"end":{"line":121,"column":60}},"line":121},"13":{"name":"(anonymous_13)","decl":{"start":{"line":121,"column":36},"end":{"line":121,"column":37}},"loc":{"start":{"line":121,"column":43},"end":{"line":121,"column":59}},"line":121}},"branchMap":{"0":{"loc":{"start":{"line":76,"column":10},"end":{"line":76,"column":71}},"type":"binary-expr","locations":[{"start":{"line":76,"column":10},"end":{"line":76,"column":42}},{"start":{"line":76,"column":46},"end":{"line":76,"column":71}}],"line":76},"1":{"loc":{"start":{"line":99,"column":17},"end":{"line":99,"column":51}},"type":"binary-expr","locations":[{"start":{"line":99,"column":17},"end":{"line":99,"column":32}},{"start":{"line":99,"column":36},"end":{"line":99,"column":51}}],"line":99},"2":{"loc":{"start":{"line":113,"column":17},"end":{"line":113,"column":50}},"type":"binary-expr","locations":[{"start":{"line":113,"column":17},"end":{"line":113,"column":31}},{"start":{"line":113,"column":35},"end":{"line":113,"column":50}}],"line":113}},"s":{"0":0,"1":0,"2":0,"3":0,"4":0,"5":0,"6":0,"7":0,"8":0,"9":0,"10":0,"11":0,"12":0,"13":0,"14":0,"15":0},"f":{"0":0,"1":0,"2":0,"3":0,"4":0,"5":0,"6":0,"7":0,"8":0,"9":0,"10":0,"11":0,"12":0,"13":0},"b":{"0":[0,0],"1":[0,0],"2":[0,0]}}
,"/Users/htchen/code_base/app/apps/mobile/src/components/ExpenseForm/GroupSection.tsx": {"path":"/Users/htchen/code_base/app/apps/mobile/src/components/ExpenseForm/GroupSection.tsx","statementMap":{"0":{"start":{"line":17,"column":57},"end":{"line":65,"column":1}},"1":{"start":{"line":26,"column":2},"end":{"line":64,"column":4}},"2":{"start":{"line":47,"column":14},"end":{"line":51,"column":16}},"3":{"start":{"line":50,"column":32},"end":{"line":50,"column":67}},"4":{"start":{"line":67,"column":15},"end":{"line":90,"column":2}}},"fnMap":{"0":{"name":"(anonymous_0)","decl":{"start":{"line":17,"column":57},"end":{"line":17,"column":58}},"loc":{"start":{"line":25,"column":6},"end":{"line":65,"column":1}},"line":25},"1":{"name":"(anonymous_1)","decl":{"start":{"line":46,"column":38},"end":{"line":46,"column":39}},"loc":{"start":{"line":47,"column":14},"end":{"line":51,"column":16}},"line":47},"2":{"name":"(anonymous_2)","decl":{"start":{"line":50,"column":26},"end":{"line":50,"column":27}},"loc":{"start":{"line":50,"column":32},"end":{"line":50,"column":67}},"line":50}},"branchMap":{"0":{"loc":{"start":{"line":35,"column":7},"end":{"line":62,"column":7}},"type":"binary-expr","locations":[{"start":{"line":35,"column":7},"end":{"line":35,"column":20}},{"start":{"line":36,"column":8},"end":{"line":61,"column":11}}],"line":35}},"s":{"0":0,"1":0,"2":0,"3":0,"4":0},"f":{"0":0,"1":0,"2":0},"b":{"0":[0,0]}}
,"/Users/htchen/code_base/app/apps/mobile/src/components/categories/CategoryForm.tsx": {"path":"/Users/htchen/code_base/app/apps/mobile/src/components/categories/CategoryForm.tsx","statementMap":{"0":{"start":{"line":21,"column":50},"end":{"line":115,"column":1}},"1":{"start":{"line":28,"column":42},"end":{"line":28,"column":54}},"2":{"start":{"line":29,"column":44},"end":{"line":29,"column":71}},"3":{"start":{"line":31,"column":2},"end":{"line":39,"column":33}},"4":{"start":{"line":32,"column":4},"end":{"line":38,"column":5}},"5":{"start":{"line":33,"column":6},"end":{"line":33,"column":44}},"6":{"start":{"line":34,"column":6},"end":{"line":34,"column":46}},"7":{"start":{"line":36,"column":6},"end":{"line":36,"column":26}},"8":{"start":{"line":37,"column":6},"end":{"line":37,"column":42}},"9":{"start":{"line":41,"column":21},"end":{"line":49,"column":3}},"10":{"start":{"line":42,"column":24},"end":{"line":42,"column":43}},"11":{"start":{"line":43,"column":4},"end":{"line":45,"column":5}},"12":{"start":{"line":44,"column":6},"end":{"line":44,"column":13}},"13":{"start":{"line":47,"column":4},"end":{"line":47,"column":39}},"14":{"start":{"line":48,"column":4},"end":{"line":48,"column":18}},"15":{"start":{"line":51,"column":22},"end":{"line":55,"column":3}},"16":{"start":{"line":52,"column":4},"end":{"line":52,"column":24}},"17":{"start":{"line":53,"column":4},"end":{"line":53,"column":40}},"18":{"start":{"line":54,"column":4},"end":{"line":54,"column":14}},"19":{"start":{"line":57,"column":21},"end":{"line":57,"column":76}},"20":{"start":{"line":59,"column":2},"end":{"line":114,"column":4}},"21":{"start":{"line":117,"column":15},"end":{"line":176,"column":2}}},"fnMap":{"0":{"name":"(anonymous_0)","decl":{"start":{"line":21,"column":50},"end":{"line":21,"column":51}},"loc":{"start":{"line":27,"column":6},"end":{"line":115,"column":1}},"line":27},"1":{"name":"(anonymous_1)","decl":{"start":{"line":31,"column":12},"end":{"line":31,"column":13}},"loc":{"start":{"line":31,"column":18},"end":{"line":39,"column":3}},"line":31},"2":{"name":"(anonymous_2)","decl":{"start":{"line":41,"column":21},"end":{"line":41,"column":22}},"loc":{"start":{"line":41,"column":27},"end":{"line":49,"column":3}},"line":41},"3":{"name":"(anonymous_3)","decl":{"start":{"line":51,"column":22},"end":{"line":51,"column":23}},"loc":{"start":{"line":51,"column":28},"end":{"line":55,"column":3}},"line":51}},"branchMap":{"0":{"loc":{"start":{"line":32,"column":4},"end":{"line":38,"column":5}},"type":"if","locations":[{"start":{"line":32,"column":4},"end":{"line":38,"column":5}},{"start":{"line":35,"column":11},"end":{"line":38,"column":5}}],"line":32},"1":{"loc":{"start":{"line":43,"column":4},"end":{"line":45,"column":5}},"type":"if","locations":[{"start":{"line":43,"column":4},"end":{"line":45,"column":5}},{"start":{},"end":{}}],"line":43},"2":{"loc":{"start":{"line":57,"column":21},"end":{"line":57,"column":76}},"type":"binary-expr","locations":[{"start":{"line":57,"column":21},"end":{"line":57,"column":26}},{"start":{"line":57,"column":30},"end":{"line":57,"column":76}}],"line":57},"3":{"loc":{"start":{"line":57,"column":33},"end":{"line":57,"column":65}},"type":"cond-expr","locations":[{"start":{"line":57,"column":51},"end":{"line":57,"column":57}},{"start":{"line":57,"column":60},"end":{"line":57,"column":65}}],"line":57},"4":{"loc":{"start":{"line":96,"column":16},"end":{"line":96,"column":61}},"type":"binary-expr","locations":[{"start":{"line":96,"column":16},"end":{"line":96,"column":36}},{"start":{"line":96,"column":40},"end":{"line":96,"column":61}}],"line":96},"5":{"loc":{"start":{"line":104,"column":18},"end":{"line":104,"column":67}},"type":"binary-expr","locations":[{"start":{"line":104,"column":18},"end":{"line":104,"column":38}},{"start":{"line":104,"column":42},"end":{"line":104,"column":67}}],"line":104}},"s":{"0":0,"1":0,"2":0,"3":0,"4":0,"5":0,"6":0,"7":0,"8":0,"9":0,"10":0,"11":0,"12":0,"13":0,"14":0,"15":0,"16":0,"17":0,"18":0,"19":0,"20":0,"21":0},"f":{"0":0,"1":0,"2":0,"3":0},"b":{"0":[0,0],"1":[0,0],"2":[0,0],"3":[0,0],"4":[0,0],"5":[0,0]}}
,"/Users/htchen/code_base/app/apps/mobile/src/components/categories/CategoryListItem.tsx": {"path":"/Users/htchen/code_base/app/apps/mobile/src/components/categories/CategoryListItem.tsx","statementMap":{"0":{"start":{"line":19,"column":58},"end":{"line":76,"column":1}},"1":{"start":{"line":25,"column":29},"end":{"line":52,"column":3}},"2":{"start":{"line":29,"column":18},"end":{"line":33,"column":6}},"3":{"start":{"line":35,"column":4},"end":{"line":51,"column":6}},"4":{"start":{"line":37,"column":23},"end":{"line":37,"column":44}},"5":{"start":{"line":54,"column":24},"end":{"line":64,"column":3}},"6":{"start":{"line":55,"column":4},"end":{"line":63,"column":23}},"7":{"start":{"line":57,"column":21},"end":{"line":57,"column":37}},"8":{"start":{"line":67,"column":2},"end":{"line":69,"column":3}},"9":{"start":{"line":68,"column":4},"end":{"line":68,"column":27}},"10":{"start":{"line":71,"column":2},"end":{"line":75,"column":4}},"11":{"start":{"line":78,"column":15},"end":{"line":117,"column":2}}},"fnMap":{"0":{"name":"(anonymous_0)","decl":{"start":{"line":19,"column":58},"end":{"line":19,"column":59}},"loc":{"start":{"line":24,"column":6},"end":{"line":76,"column":1}},"line":24},"1":{"name":"(anonymous_1)","decl":{"start":{"line":25,"column":29},"end":{"line":25,"column":30}},"loc":{"start":{"line":28,"column":7},"end":{"line":52,"column":3}},"line":28},"2":{"name":"(anonymous_2)","decl":{"start":{"line":37,"column":17},"end":{"line":37,"column":18}},"loc":{"start":{"line":37,"column":23},"end":{"line":37,"column":44}},"line":37},"3":{"name":"(anonymous_3)","decl":{"start":{"line":54,"column":24},"end":{"line":54,"column":25}},"loc":{"start":{"line":55,"column":4},"end":{"line":63,"column":23}},"line":55},"4":{"name":"(anonymous_4)","decl":{"start":{"line":57,"column":15},"end":{"line":57,"column":16}},"loc":{"start":{"line":57,"column":21},"end":{"line":57,"column":37}},"line":57}},"branchMap":{"0":{"loc":{"start":{"line":23,"column":2},"end":{"line":23,"column":18}},"type":"default-arg","locations":[{"start":{"line":23,"column":14},"end":{"line":23,"column":18}}],"line":23},"1":{"loc":{"start":{"line":62,"column":7},"end":{"line":62,"column":73}},"type":"binary-expr","locations":[{"start":{"line":62,"column":7},"end":{"line":62,"column":17}},{"start":{"line":62,"column":21},"end":{"line":62,"column":73}}],"line":62},"2":{"loc":{"start":{"line":67,"column":2},"end":{"line":69,"column":3}},"type":"if","locations":[{"start":{"line":67,"column":2},"end":{"line":69,"column":3}},{"start":{},"end":{}}],"line":67}},"s":{"0":0,"1":0,"2":0,"3":0,"4":0,"5":0,"6":0,"7":0,"8":0,"9":0,"10":0,"11":0},"f":{"0":0,"1":0,"2":0,"3":0,"4":0},"b":{"0":[0],"1":[0,0],"2":[0,0]}}
,"/Users/htchen/code_base/app/apps/mobile/src/components/categories/ColorPicker.tsx": {"path":"/Users/htchen/code_base/app/apps/mobile/src/components/categories/ColorPicker.tsx","statementMap":{"0":{"start":{"line":4,"column":30},"end":{"line":17,"column":1}},"1":{"start":{"line":26,"column":48},"end":{"line":52,"column":1}},"2":{"start":{"line":32,"column":2},"end":{"line":51,"column":4}},"3":{"start":{"line":37,"column":10},"end":{"line":47,"column":12}},"4":{"start":{"line":44,"column":27},"end":{"line":44,"column":47}},"5":{"start":{"line":54,"column":15},"end":{"line":81,"column":2}}},"fnMap":{"0":{"name":"(anonymous_0)","decl":{"start":{"line":26,"column":48},"end":{"line":26,"column":49}},"loc":{"start":{"line":31,"column":6},"end":{"line":52,"column":1}},"line":31},"1":{"name":"(anonymous_1)","decl":{"start":{"line":36,"column":20},"end":{"line":36,"column":21}},"loc":{"start":{"line":37,"column":10},"end":{"line":47,"column":12}},"line":37},"2":{"name":"(anonymous_2)","decl":{"start":{"line":44,"column":21},"end":{"line":44,"column":22}},"loc":{"start":{"line":44,"column":27},"end":{"line":44,"column":47}},"line":44}},"branchMap":{"0":{"loc":{"start":{"line":29,"column":2},"end":{"line":29,"column":25}},"type":"default-arg","locations":[{"start":{"line":29,"column":11},"end":{"line":29,"column":25}}],"line":29},"1":{"loc":{"start":{"line":30,"column":2},"end":{"line":30,"column":25}},"type":"default-arg","locations":[{"start":{"line":30,"column":10},"end":{"line":30,"column":25}}],"line":30},"2":{"loc":{"start":{"line":42,"column":14},"end":{"line":42,"column":67}},"type":"binary-expr","locations":[{"start":{"line":42,"column":14},"end":{"line":42,"column":37}},{"start":{"line":42,"column":41},"end":{"line":42,"column":67}}],"line":42}},"s":{"0":0,"1":0,"2":0,"3":0,"4":0,"5":0},"f":{"0":0,"1":0,"2":0},"b":{"0":[0],"1":[0],"2":[0,0]}}
,"/Users/htchen/code_base/app/apps/mobile/src/components/insights/CategoryChart.tsx": {"path":"/Users/htchen/code_base/app/apps/mobile/src/components/insights/CategoryChart.tsx","statementMap":{"0":{"start":{"line":11,"column":52},"end":{"line":57,"column":1}},"1":{"start":{"line":15,"column":2},"end":{"line":25,"column":3}},"2":{"start":{"line":16,"column":4},"end":{"line":24,"column":6}},"3":{"start":{"line":27,"column":2},"end":{"line":56,"column":4}},"4":{"start":{"line":43,"column":12},"end":{"line":51,"column":19}},"5":{"start":{"line":59,"column":15},"end":{"line":98,"column":2}}},"fnMap":{"0":{"name":"(anonymous_0)","decl":{"start":{"line":11,"column":52},"end":{"line":11,"column":53}},"loc":{"start":{"line":14,"column":6},"end":{"line":57,"column":1}},"line":14},"1":{"name":"(anonymous_1)","decl":{"start":{"line":42,"column":20},"end":{"line":42,"column":21}},"loc":{"start":{"line":43,"column":12},"end":{"line":51,"column":19}},"line":43}},"branchMap":{"0":{"loc":{"start":{"line":13,"column":2},"end":{"line":13,"column":19}},"type":"default-arg","locations":[{"start":{"line":13,"column":15},"end":{"line":13,"column":19}}],"line":13},"1":{"loc":{"start":{"line":15,"column":2},"end":{"line":25,"column":3}},"type":"if","locations":[{"start":{"line":15,"column":2},"end":{"line":25,"column":3}},{"start":{},"end":{}}],"line":15},"2":{"loc":{"start":{"line":40,"column":7},"end":{"line":54,"column":7}},"type":"binary-expr","locations":[{"start":{"line":40,"column":7},"end":{"line":40,"column":17}},{"start":{"line":41,"column":8},"end":{"line":53,"column":15}}],"line":40}},"s":{"0":0,"1":0,"2":0,"3":0,"4":0,"5":0},"f":{"0":0,"1":0},"b":{"0":[0],"1":[0,0],"2":[0,0]}}
,"/Users/htchen/code_base/app/apps/mobile/src/components/insights/DatePickerModal.tsx": {"path":"/Users/htchen/code_base/app/apps/mobile/src/components/insights/DatePickerModal.tsx","statementMap":{"0":{"start":{"line":17,"column":56},"end":{"line":80,"column":1}},"1":{"start":{"line":28,"column":2},"end":{"line":79,"column":4}},"2":{"start":{"line":50,"column":20},"end":{"line":50,"column":79}},"3":{"start":{"line":65,"column":18},"end":{"line":69,"column":20}},"4":{"start":{"line":82,"column":15},"end":{"line":125,"column":2}}},"fnMap":{"0":{"name":"(anonymous_0)","decl":{"start":{"line":17,"column":56},"end":{"line":17,"column":57}},"loc":{"start":{"line":27,"column":6},"end":{"line":80,"column":1}},"line":27},"1":{"name":"(anonymous_1)","decl":{"start":{"line":49,"column":34},"end":{"line":49,"column":35}},"loc":{"start":{"line":50,"column":20},"end":{"line":50,"column":79}},"line":50},"2":{"name":"(anonymous_2)","decl":{"start":{"line":64,"column":36},"end":{"line":64,"column":37}},"loc":{"start":{"line":65,"column":18},"end":{"line":69,"column":20}},"line":65}},"branchMap":{"0":{"loc":{"start":{"line":40,"column":13},"end":{"line":54,"column":13}},"type":"binary-expr","locations":[{"start":{"line":40,"column":13},"end":{"line":40,"column":36}},{"start":{"line":41,"column":14},"end":{"line":53,"column":21}}],"line":40}},"s":{"0":0,"1":0,"2":0,"3":0,"4":0},"f":{"0":0,"1":0,"2":0},"b":{"0":[0,0]}}
,"/Users/htchen/code_base/app/apps/mobile/src/components/insights/InsightsHeader.tsx": {"path":"/Users/htchen/code_base/app/apps/mobile/src/components/insights/InsightsHeader.tsx","statementMap":{"0":{"start":{"line":14,"column":54},"end":{"line":90,"column":1}},"1":{"start":{"line":23,"column":2},"end":{"line":89,"column":4}},"2":{"start":{"line":31,"column":25},"end":{"line":31,"column":53}},"3":{"start":{"line":47,"column":25},"end":{"line":47,"column":52}},"4":{"start":{"line":92,"column":15},"end":{"line":153,"column":2}}},"fnMap":{"0":{"name":"(anonymous_0)","decl":{"start":{"line":14,"column":54},"end":{"line":14,"column":55}},"loc":{"start":{"line":22,"column":6},"end":{"line":90,"column":1}},"line":22},"1":{"name":"(anonymous_1)","decl":{"start":{"line":31,"column":19},"end":{"line":31,"column":20}},"loc":{"start":{"line":31,"column":25},"end":{"line":31,"column":53}},"line":31},"2":{"name":"(anonymous_2)","decl":{"start":{"line":47,"column":19},"end":{"line":47,"column":20}},"loc":{"start":{"line":47,"column":25},"end":{"line":47,"column":52}},"line":47}},"branchMap":{"0":{"loc":{"start":{"line":29,"column":12},"end":{"line":29,"column":69}},"type":"binary-expr","locations":[{"start":{"line":29,"column":12},"end":{"line":29,"column":35}},{"start":{"line":29,"column":39},"end":{"line":29,"column":69}}],"line":29},"1":{"loc":{"start":{"line":36,"column":14},"end":{"line":36,"column":75}},"type":"binary-expr","locations":[{"start":{"line":36,"column":14},"end":{"line":36,"column":37}},{"start":{"line":36,"column":41},"end":{"line":36,"column":75}}],"line":36},"2":{"loc":{"start":{"line":45,"column":12},"end":{"line":45,"column":68}},"type":"binary-expr","locations":[{"start":{"line":45,"column":12},"end":{"line":45,"column":34}},{"start":{"line":45,"column":38},"end":{"line":45,"column":68}}],"line":45},"3":{"loc":{"start":{"line":52,"column":14},"end":{"line":52,"column":74}},"type":"binary-expr","locations":[{"start":{"line":52,"column":14},"end":{"line":52,"column":36}},{"start":{"line":52,"column":40},"end":{"line":52,"column":74}}],"line":52},"4":{"loc":{"start":{"line":75,"column":12},"end":{"line":75,"column":56}},"type":"binary-expr","locations":[{"start":{"line":75,"column":12},"end":{"line":75,"column":26}},{"start":{"line":75,"column":30},"end":{"line":75,"column":56}}],"line":75},"5":{"loc":{"start":{"line":81,"column":14},"end":{"line":81,"column":56}},"type":"binary-expr","locations":[{"start":{"line":81,"column":14},"end":{"line":81,"column":28}},{"start":{"line":81,"column":32},"end":{"line":81,"column":56}}],"line":81}},"s":{"0":0,"1":0,"2":0,"3":0,"4":0},"f":{"0":0,"1":0,"2":0},"b":{"0":[0,0],"1":[0,0],"2":[0,0],"3":[0,0],"4":[0,0],"5":[0,0]}}
,"/Users/htchen/code_base/app/apps/mobile/src/constants/expenses.ts": {"path":"/Users/htchen/code_base/app/apps/mobile/src/constants/expenses.ts","statementMap":{"0":{"start":{"line":4,"column":46},"end":{"line":13,"column":1}}},"fnMap":{},"branchMap":{},"s":{"0":2},"f":{},"b":{},"_coverageSchema":"1a1c01bbd47fc00a2c39e90264f33305004495a9","hash":"f4c28d74655bb48d5c1c67d661e137948926fe81"}
,"/Users/htchen/code_base/app/apps/mobile/src/hooks/useCategoryManager.ts": {"path":"/Users/htchen/code_base/app/apps/mobile/src/hooks/useCategoryManager.ts","statementMap":{"0":{"start":{"line":27,"column":34},"end":{"line":143,"column":1}},"1":{"start":{"line":29,"column":21},"end":{"line":29,"column":65}},"2":{"start":{"line":29,"column":48},"end":{"line":29,"column":64}},"3":{"start":{"line":30,"column":22},"end":{"line":30,"column":67}},"4":{"start":{"line":30,"column":49},"end":{"line":30,"column":66}},"5":{"start":{"line":31,"column":25},"end":{"line":31,"column":73}},"6":{"start":{"line":31,"column":52},"end":{"line":31,"column":72}},"7":{"start":{"line":32,"column":34},"end":{"line":34,"column":3}},"8":{"start":{"line":33,"column":15},"end":{"line":33,"column":35}},"9":{"start":{"line":37,"column":42},"end":{"line":37,"column":57}},"10":{"start":{"line":38,"column":36},"end":{"line":38,"column":67}},"11":{"start":{"line":41,"column":23},"end":{"line":44,"column":3}},"12":{"start":{"line":42,"column":4},"end":{"line":42,"column":23}},"13":{"start":{"line":43,"column":4},"end":{"line":43,"column":26}},"14":{"start":{"line":46,"column":24},"end":{"line":49,"column":3}},"15":{"start":{"line":47,"column":4},"end":{"line":47,"column":27}},"16":{"start":{"line":48,"column":4},"end":{"line":48,"column":26}},"17":{"start":{"line":51,"column":21},"end":{"line":54,"column":3}},"18":{"start":{"line":52,"column":4},"end":{"line":52,"column":27}},"19":{"start":{"line":53,"column":4},"end":{"line":53,"column":23}},"20":{"start":{"line":57,"column":23},"end":{"line":90,"column":3}},"21":{"start":{"line":58,"column":24},"end":{"line":58,"column":35}},"22":{"start":{"line":60,"column":4},"end":{"line":63,"column":5}},"23":{"start":{"line":61,"column":6},"end":{"line":61,"column":61}},"24":{"start":{"line":62,"column":6},"end":{"line":62,"column":13}},"25":{"start":{"line":65,"column":4},"end":{"line":87,"column":5}},"26":{"start":{"line":67,"column":40},"end":{"line":71,"column":7}},"27":{"start":{"line":73,"column":6},"end":{"line":73,"column":38}},"28":{"start":{"line":76,"column":31},"end":{"line":78,"column":7}},"29":{"start":{"line":77,"column":17},"end":{"line":77,"column":69}},"30":{"start":{"line":80,"column":6},"end":{"line":83,"column":7}},"31":{"start":{"line":81,"column":8},"end":{"line":81,"column":74}},"32":{"start":{"line":82,"column":8},"end":{"line":82,"column":15}},"33":{"start":{"line":86,"column":6},"end":{"line":86,"column":48}},"34":{"start":{"line":89,"column":4},"end":{"line":89,"column":17}},"35":{"start":{"line":92,"column":25},"end":{"line":116,"column":3}},"36":{"start":{"line":93,"column":29},"end":{"line":93,"column":72}},"37":{"start":{"line":93,"column":52},"end":{"line":93,"column":71}},"38":{"start":{"line":95,"column":4},"end":{"line":97,"column":5}},"39":{"start":{"line":96,"column":6},"end":{"line":96,"column":13}},"40":{"start":{"line":99,"column":4},"end":{"line":102,"column":5}},"41":{"start":{"line":100,"column":6},"end":{"line":100,"column":70}},"42":{"start":{"line":101,"column":6},"end":{"line":101,"column":13}},"43":{"start":{"line":104,"column":4},"end":{"line":115,"column":6}},"44":{"start":{"line":112,"column":25},"end":{"line":112,"column":60}},"45":{"start":{"line":119,"column":28},"end":{"line":121,"column":3}},"46":{"start":{"line":120,"column":4},"end":{"line":120,"column":37}},"47":{"start":{"line":123,"column":2},"end":{"line":142,"column":4}}},"fnMap":{"0":{"name":"(anonymous_0)","decl":{"start":{"line":27,"column":34},"end":{"line":27,"column":35}},"loc":{"start":{"line":27,"column":66},"end":{"line":143,"column":1}},"line":27},"1":{"name":"(anonymous_1)","decl":{"start":{"line":29,"column":37},"end":{"line":29,"column":38}},"loc":{"start":{"line":29,"column":48},"end":{"line":29,"column":64}},"line":29},"2":{"name":"(anonymous_2)","decl":{"start":{"line":30,"column":38},"end":{"line":30,"column":39}},"loc":{"start":{"line":30,"column":49},"end":{"line":30,"column":66}},"line":30},"3":{"name":"(anonymous_3)","decl":{"start":{"line":31,"column":41},"end":{"line":31,"column":42}},"loc":{"start":{"line":31,"column":52},"end":{"line":31,"column":72}},"line":31},"4":{"name":"(anonymous_4)","decl":{"start":{"line":33,"column":4},"end":{"line":33,"column":5}},"loc":{"start":{"line":33,"column":15},"end":{"line":33,"column":35}},"line":33},"5":{"name":"(anonymous_5)","decl":{"start":{"line":41,"column":23},"end":{"line":41,"column":24}},"loc":{"start":{"line":41,"column":29},"end":{"line":44,"column":3}},"line":41},"6":{"name":"(anonymous_6)","decl":{"start":{"line":46,"column":24},"end":{"line":46,"column":25}},"loc":{"start":{"line":46,"column":48},"end":{"line":49,"column":3}},"line":46},"7":{"name":"(anonymous_7)","decl":{"start":{"line":51,"column":21},"end":{"line":51,"column":22}},"loc":{"start":{"line":51,"column":27},"end":{"line":54,"column":3}},"line":51},"8":{"name":"(anonymous_8)","decl":{"start":{"line":57,"column":23},"end":{"line":57,"column":24}},"loc":{"start":{"line":57,"column":56},"end":{"line":90,"column":3}},"line":57},"9":{"name":"(anonymous_9)","decl":{"start":{"line":77,"column":8},"end":{"line":77,"column":9}},"loc":{"start":{"line":77,"column":17},"end":{"line":77,"column":69}},"line":77},"10":{"name":"(anonymous_10)","decl":{"start":{"line":92,"column":25},"end":{"line":92,"column":26}},"loc":{"start":{"line":92,"column":49},"end":{"line":116,"column":3}},"line":92},"11":{"name":"(anonymous_11)","decl":{"start":{"line":93,"column":45},"end":{"line":93,"column":46}},"loc":{"start":{"line":93,"column":52},"end":{"line":93,"column":71}},"line":93},"12":{"name":"(anonymous_12)","decl":{"start":{"line":112,"column":19},"end":{"line":112,"column":20}},"loc":{"start":{"line":112,"column":25},"end":{"line":112,"column":60}},"line":112},"13":{"name":"(anonymous_13)","decl":{"start":{"line":119,"column":28},"end":{"line":119,"column":29}},"loc":{"start":{"line":119,"column":61},"end":{"line":121,"column":3}},"line":119}},"branchMap":{"0":{"loc":{"start":{"line":60,"column":4},"end":{"line":63,"column":5}},"type":"if","locations":[{"start":{"line":60,"column":4},"end":{"line":63,"column":5}},{"start":{},"end":{}}],"line":60},"1":{"loc":{"start":{"line":65,"column":4},"end":{"line":87,"column":5}},"type":"if","locations":[{"start":{"line":65,"column":4},"end":{"line":87,"column":5}},{"start":{"line":74,"column":11},"end":{"line":87,"column":5}}],"line":65},"2":{"loc":{"start":{"line":80,"column":6},"end":{"line":83,"column":7}},"type":"if","locations":[{"start":{"line":80,"column":6},"end":{"line":83,"column":7}},{"start":{},"end":{}}],"line":80},"3":{"loc":{"start":{"line":95,"column":4},"end":{"line":97,"column":5}},"type":"if","locations":[{"start":{"line":95,"column":4},"end":{"line":97,"column":5}},{"start":{},"end":{}}],"line":95},"4":{"loc":{"start":{"line":99,"column":4},"end":{"line":102,"column":5}},"type":"if","locations":[{"start":{"line":99,"column":4},"end":{"line":102,"column":5}},{"start":{},"end":{}}],"line":99}},"s":{"0":0,"1":0,"2":0,"3":0,"4":0,"5":0,"6":0,"7":0,"8":0,"9":0,"10":0,"11":0,"12":0,"13":0,"14":0,"15":0,"16":0,"17":0,"18":0,"19":0,"20":0,"21":0,"22":0,"23":0,"24":0,"25":0,"26":0,"27":0,"28":0,"29":0,"30":0,"31":0,"32":0,"33":0,"34":0,"35":0,"36":0,"37":0,"38":0,"39":0,"40":0,"41":0,"42":0,"43":0,"44":0,"45":0,"46":0,"47":0},"f":{"0":0,"1":0,"2":0,"3":0,"4":0,"5":0,"6":0,"7":0,"8":0,"9":0,"10":0,"11":0,"12":0,"13":0},"b":{"0":[0,0],"1":[0,0],"2":[0,0],"3":[0,0],"4":[0,0]}}
,"/Users/htchen/code_base/app/apps/mobile/src/hooks/useExpenseForm.ts": {"path":"/Users/htchen/code_base/app/apps/mobile/src/hooks/useExpenseForm.ts","statementMap":{"0":{"start":{"line":32,"column":30},"end":{"line":225,"column":1}},"1":{"start":{"line":33,"column":21},"end":{"line":33,"column":36}},"2":{"start":{"line":36,"column":28},"end":{"line":36,"column":72}},"3":{"start":{"line":36,"column":55},"end":{"line":36,"column":71}},"4":{"start":{"line":37,"column":31},"end":{"line":37,"column":78}},"5":{"start":{"line":37,"column":58},"end":{"line":37,"column":77}},"6":{"start":{"line":38,"column":17},"end":{"line":38,"column":57}},"7":{"start":{"line":38,"column":44},"end":{"line":38,"column":56}},"8":{"start":{"line":39,"column":23},"end":{"line":39,"column":69}},"9":{"start":{"line":39,"column":50},"end":{"line":39,"column":68}},"10":{"start":{"line":40,"column":23},"end":{"line":40,"column":69}},"11":{"start":{"line":40,"column":50},"end":{"line":40,"column":68}},"12":{"start":{"line":41,"column":25},"end":{"line":41,"column":73}},"13":{"start":{"line":41,"column":52},"end":{"line":41,"column":72}},"14":{"start":{"line":43,"column":20},"end":{"line":43,"column":36}},"15":{"start":{"line":46,"column":33},"end":{"line":50,"column":34}},"16":{"start":{"line":47,"column":4},"end":{"line":49,"column":13}},"17":{"start":{"line":48,"column":33},"end":{"line":48,"column":61}},"18":{"start":{"line":53,"column":36},"end":{"line":62,"column":4}},"19":{"start":{"line":65,"column":2},"end":{"line":101,"column":45}},"20":{"start":{"line":66,"column":4},"end":{"line":79,"column":5}},"21":{"start":{"line":68,"column":6},"end":{"line":77,"column":9}},"22":{"start":{"line":78,"column":6},"end":{"line":78,"column":13}},"23":{"start":{"line":81,"column":18},"end":{"line":83,"column":12}},"24":{"start":{"line":82,"column":28},"end":{"line":82,"column":59}},"25":{"start":{"line":84,"column":19},"end":{"line":86,"column":12}},"26":{"start":{"line":85,"column":34},"end":{"line":85,"column":64}},"27":{"start":{"line":87,"column":25},"end":{"line":89,"column":10}},"28":{"start":{"line":88,"column":35},"end":{"line":88,"column":78}},"29":{"start":{"line":91,"column":4},"end":{"line":100,"column":7}},"30":{"start":{"line":104,"column":32},"end":{"line":106,"column":3}},"31":{"start":{"line":105,"column":4},"end":{"line":105,"column":58}},"32":{"start":{"line":105,"column":28},"end":{"line":105,"column":55}},"33":{"start":{"line":109,"column":34},"end":{"line":116,"column":3}},"34":{"start":{"line":110,"column":4},"end":{"line":115,"column":8}},"35":{"start":{"line":110,"column":28},"end":{"line":115,"column":5}},"36":{"start":{"line":113,"column":15},"end":{"line":113,"column":37}},"37":{"start":{"line":119,"column":23},"end":{"line":123,"column":3}},"38":{"start":{"line":120,"column":24},"end":{"line":120,"column":54}},"39":{"start":{"line":122,"column":4},"end":{"line":122,"column":61}},"40":{"start":{"line":122,"column":28},"end":{"line":122,"column":58}},"41":{"start":{"line":126,"column":23},"end":{"line":211,"column":3}},"42":{"start":{"line":128,"column":4},"end":{"line":136,"column":5}},"43":{"start":{"line":134,"column":6},"end":{"line":134,"column":74}},"44":{"start":{"line":135,"column":6},"end":{"line":135,"column":13}},"45":{"start":{"line":138,"column":26},"end":{"line":138,"column":54}},"46":{"start":{"line":139,"column":4},"end":{"line":142,"column":5}},"47":{"start":{"line":140,"column":6},"end":{"line":140,"column":75}},"48":{"start":{"line":141,"column":6},"end":{"line":141,"column":13}},"49":{"start":{"line":144,"column":4},"end":{"line":154,"column":5}},"50":{"start":{"line":149,"column":6},"end":{"line":152,"column":8}},"51":{"start":{"line":153,"column":6},"end":{"line":153,"column":13}},"52":{"start":{"line":161,"column":4},"end":{"line":177,"column":5}},"53":{"start":{"line":163,"column":6},"end":{"line":163,"column":49}},"54":{"start":{"line":164,"column":6},"end":{"line":164,"column":53}},"55":{"start":{"line":167,"column":6},"end":{"line":176,"column":7}},"56":{"start":{"line":168,"column":8},"end":{"line":168,"column":34}},"57":{"start":{"line":169,"column":8},"end":{"line":169,"column":43}},"58":{"start":{"line":173,"column":8},"end":{"line":175,"column":10}},"59":{"start":{"line":180,"column":24},"end":{"line":194,"column":5}},"60":{"start":{"line":192,"column":68},"end":{"line":192,"column":72}},"61":{"start":{"line":201,"column":4},"end":{"line":208,"column":5}},"62":{"start":{"line":202,"column":6},"end":{"line":205,"column":9}},"63":{"start":{"line":207,"column":6},"end":{"line":207,"column":37}},"64":{"start":{"line":210,"column":4},"end":{"line":210,"column":24}},"65":{"start":{"line":213,"column":2},"end":{"line":224,"column":4}}},"fnMap":{"0":{"name":"(anonymous_0)","decl":{"start":{"line":32,"column":30},"end":{"line":32,"column":31}},"loc":{"start":{"line":32,"column":75},"end":{"line":225,"column":1}},"line":32},"1":{"name":"(anonymous_1)","decl":{"start":{"line":36,"column":44},"end":{"line":36,"column":45}},"loc":{"start":{"line":36,"column":55},"end":{"line":36,"column":71}},"line":36},"2":{"name":"(anonymous_2)","decl":{"start":{"line":37,"column":47},"end":{"line":37,"column":48}},"loc":{"start":{"line":37,"column":58},"end":{"line":37,"column":77}},"line":37},"3":{"name":"(anonymous_3)","decl":{"start":{"line":38,"column":33},"end":{"line":38,"column":34}},"loc":{"start":{"line":38,"column":44},"end":{"line":38,"column":56}},"line":38},"4":{"name":"(anonymous_4)","decl":{"start":{"line":39,"column":39},"end":{"line":39,"column":40}},"loc":{"start":{"line":39,"column":50},"end":{"line":39,"column":68}},"line":39},"5":{"name":"(anonymous_5)","decl":{"start":{"line":40,"column":39},"end":{"line":40,"column":40}},"loc":{"start":{"line":40,"column":50},"end":{"line":40,"column":68}},"line":40},"6":{"name":"(anonymous_6)","decl":{"start":{"line":41,"column":41},"end":{"line":41,"column":42}},"loc":{"start":{"line":41,"column":52},"end":{"line":41,"column":72}},"line":41},"7":{"name":"(anonymous_7)","decl":{"start":{"line":46,"column":41},"end":{"line":46,"column":42}},"loc":{"start":{"line":46,"column":47},"end":{"line":50,"column":3}},"line":46},"8":{"name":"(anonymous_8)","decl":{"start":{"line":48,"column":26},"end":{"line":48,"column":27}},"loc":{"start":{"line":48,"column":33},"end":{"line":48,"column":61}},"line":48},"9":{"name":"(anonymous_9)","decl":{"start":{"line":65,"column":12},"end":{"line":65,"column":13}},"loc":{"start":{"line":65,"column":18},"end":{"line":101,"column":3}},"line":65},"10":{"name":"(anonymous_10)","decl":{"start":{"line":82,"column":21},"end":{"line":82,"column":22}},"loc":{"start":{"line":82,"column":28},"end":{"line":82,"column":59}},"line":82},"11":{"name":"(anonymous_11)","decl":{"start":{"line":85,"column":27},"end":{"line":85,"column":28}},"loc":{"start":{"line":85,"column":34},"end":{"line":85,"column":64}},"line":85},"12":{"name":"(anonymous_12)","decl":{"start":{"line":88,"column":28},"end":{"line":88,"column":29}},"loc":{"start":{"line":88,"column":35},"end":{"line":88,"column":78}},"line":88},"13":{"name":"(anonymous_13)","decl":{"start":{"line":104,"column":32},"end":{"line":104,"column":33}},"loc":{"start":{"line":104,"column":72},"end":{"line":106,"column":3}},"line":104},"14":{"name":"(anonymous_14)","decl":{"start":{"line":105,"column":17},"end":{"line":105,"column":18}},"loc":{"start":{"line":105,"column":28},"end":{"line":105,"column":55}},"line":105},"15":{"name":"(anonymous_15)","decl":{"start":{"line":109,"column":34},"end":{"line":109,"column":35}},"loc":{"start":{"line":109,"column":61},"end":{"line":116,"column":3}},"line":109},"16":{"name":"(anonymous_16)","decl":{"start":{"line":110,"column":17},"end":{"line":110,"column":18}},"loc":{"start":{"line":110,"column":28},"end":{"line":115,"column":5}},"line":110},"17":{"name":"(anonymous_17)","decl":{"start":{"line":113,"column":8},"end":{"line":113,"column":9}},"loc":{"start":{"line":113,"column":15},"end":{"line":113,"column":37}},"line":113},"18":{"name":"(anonymous_18)","decl":{"start":{"line":119,"column":23},"end":{"line":119,"column":24}},"loc":{"start":{"line":119,"column":76},"end":{"line":123,"column":3}},"line":119},"19":{"name":"(anonymous_19)","decl":{"start":{"line":122,"column":17},"end":{"line":122,"column":18}},"loc":{"start":{"line":122,"column":28},"end":{"line":122,"column":58}},"line":122},"20":{"name":"(anonymous_20)","decl":{"start":{"line":126,"column":23},"end":{"line":126,"column":24}},"loc":{"start":{"line":126,"column":29},"end":{"line":211,"column":3}},"line":126},"21":{"name":"(anonymous_21)","decl":{"start":{"line":192,"column":61},"end":{"line":192,"column":62}},"loc":{"start":{"line":192,"column":68},"end":{"line":192,"column":72}},"line":192}},"branchMap":{"0":{"loc":{"start":{"line":47,"column":11},"end":{"line":49,"column":12}},"type":"cond-expr","locations":[{"start":{"line":48,"column":8},"end":{"line":48,"column":62}},{"start":{"line":49,"column":8},"end":{"line":49,"column":12}}],"line":47},"1":{"loc":{"start":{"line":66,"column":4},"end":{"line":79,"column":5}},"type":"if","locations":[{"start":{"line":66,"column":4},"end":{"line":79,"column":5}},{"start":{},"end":{}}],"line":66},"2":{"loc":{"start":{"line":81,"column":18},"end":{"line":83,"column":12}},"type":"cond-expr","locations":[{"start":{"line":82,"column":9},"end":{"line":82,"column":68}},{"start":{"line":83,"column":8},"end":{"line":83,"column":12}}],"line":81},"3":{"loc":{"start":{"line":82,"column":9},"end":{"line":82,"column":68}},"type":"binary-expr","locations":[{"start":{"line":82,"column":9},"end":{"line":82,"column":60}},{"start":{"line":82,"column":64},"end":{"line":82,"column":68}}],"line":82},"4":{"loc":{"start":{"line":84,"column":19},"end":{"line":86,"column":12}},"type":"cond-expr","locations":[{"start":{"line":85,"column":9},"end":{"line":85,"column":73}},{"start":{"line":86,"column":8},"end":{"line":86,"column":12}}],"line":84},"5":{"loc":{"start":{"line":85,"column":9},"end":{"line":85,"column":73}},"type":"binary-expr","locations":[{"start":{"line":85,"column":9},"end":{"line":85,"column":65}},{"start":{"line":85,"column":69},"end":{"line":85,"column":73}}],"line":85},"6":{"loc":{"start":{"line":87,"column":25},"end":{"line":89,"column":10}},"type":"cond-expr","locations":[{"start":{"line":88,"column":8},"end":{"line":88,"column":79}},{"start":{"line":89,"column":8},"end":{"line":89,"column":10}}],"line":87},"7":{"loc":{"start":{"line":95,"column":15},"end":{"line":95,"column":43}},"type":"binary-expr","locations":[{"start":{"line":95,"column":15},"end":{"line":95,"column":37}},{"start":{"line":95,"column":41},"end":{"line":95,"column":43}}],"line":95},"8":{"loc":{"start":{"line":120,"column":24},"end":{"line":120,"column":54}},"type":"binary-expr","locations":[{"start":{"line":120,"column":24},"end":{"line":120,"column":36}},{"start":{"line":120,"column":40},"end":{"line":120,"column":54}}],"line":120},"9":{"loc":{"start":{"line":128,"column":4},"end":{"line":136,"column":5}},"type":"if","locations":[{"start":{"line":128,"column":4},"end":{"line":136,"column":5}},{"start":{},"end":{}}],"line":128},"10":{"loc":{"start":{"line":129,"column":6},"end":{"line":132,"column":25}},"type":"binary-expr","locations":[{"start":{"line":129,"column":6},"end":{"line":129,"column":22}},{"start":{"line":130,"column":6},"end":{"line":130,"column":23}},{"start":{"line":131,"column":6},"end":{"line":131,"column":21}},{"start":{"line":132,"column":6},"end":{"line":132,"column":25}}],"line":129},"11":{"loc":{"start":{"line":139,"column":4},"end":{"line":142,"column":5}},"type":"if","locations":[{"start":{"line":139,"column":4},"end":{"line":142,"column":5}},{"start":{},"end":{}}],"line":139},"12":{"loc":{"start":{"line":139,"column":8},"end":{"line":139,"column":50}},"type":"binary-expr","locations":[{"start":{"line":139,"column":8},"end":{"line":139,"column":28}},{"start":{"line":139,"column":32},"end":{"line":139,"column":50}}],"line":139},"13":{"loc":{"start":{"line":144,"column":4},"end":{"line":154,"column":5}},"type":"if","locations":[{"start":{"line":144,"column":4},"end":{"line":154,"column":5}},{"start":{},"end":{}}],"line":144},"14":{"loc":{"start":{"line":145,"column":6},"end":{"line":147,"column":52}},"type":"binary-expr","locations":[{"start":{"line":145,"column":6},"end":{"line":145,"column":29}},{"start":{"line":146,"column":7},"end":{"line":146,"column":35}},{"start":{"line":147,"column":8},"end":{"line":147,"column":51}}],"line":145},"15":{"loc":{"start":{"line":161,"column":4},"end":{"line":177,"column":5}},"type":"if","locations":[{"start":{"line":161,"column":4},"end":{"line":177,"column":5}},{"start":{"line":165,"column":11},"end":{"line":177,"column":5}}],"line":161},"16":{"loc":{"start":{"line":167,"column":6},"end":{"line":176,"column":7}},"type":"if","locations":[{"start":{"line":167,"column":6},"end":{"line":176,"column":7}},{"start":{"line":170,"column":13},"end":{"line":176,"column":7}}],"line":167},"17":{"loc":{"start":{"line":185,"column":10},"end":{"line":187,"column":12}},"type":"cond-expr","locations":[{"start":{"line":186,"column":10},"end":{"line":186,"column":47}},{"start":{"line":187,"column":10},"end":{"line":187,"column":12}}],"line":185},"18":{"loc":{"start":{"line":188,"column":10},"end":{"line":188,"column":65}},"type":"cond-expr","locations":[{"start":{"line":188,"column":30},"end":{"line":188,"column":60}},{"start":{"line":188,"column":63},"end":{"line":188,"column":65}}],"line":188},"19":{"loc":{"start":{"line":189,"column":10},"end":{"line":189,"column":46}},"type":"cond-expr","locations":[{"start":{"line":189,"column":21},"end":{"line":189,"column":41}},{"start":{"line":189,"column":44},"end":{"line":189,"column":46}}],"line":189},"20":{"loc":{"start":{"line":191,"column":10},"end":{"line":193,"column":12}},"type":"cond-expr","locations":[{"start":{"line":192,"column":10},"end":{"line":192,"column":75}},{"start":{"line":193,"column":10},"end":{"line":193,"column":12}}],"line":191},"21":{"loc":{"start":{"line":191,"column":10},"end":{"line":191,"column":78}},"type":"binary-expr","locations":[{"start":{"line":191,"column":10},"end":{"line":191,"column":33}},{"start":{"line":191,"column":37},"end":{"line":191,"column":78}}],"line":191},"22":{"loc":{"start":{"line":201,"column":4},"end":{"line":208,"column":5}},"type":"if","locations":[{"start":{"line":201,"column":4},"end":{"line":208,"column":5}},{"start":{"line":206,"column":11},"end":{"line":208,"column":5}}],"line":201},"23":{"loc":{"start":{"line":201,"column":8},"end":{"line":201,"column":35}},"type":"binary-expr","locations":[{"start":{"line":201,"column":8},"end":{"line":201,"column":17}},{"start":{"line":201,"column":21},"end":{"line":201,"column":35}}],"line":201}},"s":{"0":0,"1":0,"2":0,"3":0,"4":0,"5":0,"6":0,"7":0,"8":0,"9":0,"10":0,"11":0,"12":0,"13":0,"14":0,"15":0,"16":0,"17":0,"18":0,"19":0,"20":0,"21":0,"22":0,"23":0,"24":0,"25":0,"26":0,"27":0,"28":0,"29":0,"30":0,"31":0,"32":0,"33":0,"34":0,"35":0,"36":0,"37":0,"38":0,"39":0,"40":0,"41":0,"42":0,"43":0,"44":0,"45":0,"46":0,"47":0,"48":0,"49":0,"50":0,"51":0,"52":0,"53":0,"54":0,"55":0,"56":0,"57":0,"58":0,"59":0,"60":0,"61":0,"62":0,"63":0,"64":0,"65":0},"f":{"0":0,"1":0,"2":0,"3":0,"4":0,"5":0,"6":0,"7":0,"8":0,"9":0,"10":0,"11":0,"12":0,"13":0,"14":0,"15":0,"16":0,"17":0,"18":0,"19":0,"20":0,"21":0},"b":{"0":[0,0],"1":[0,0],"2":[0,0],"3":[0,0],"4":[0,0],"5":[0,0],"6":[0,0],"7":[0,0],"8":[0,0],"9":[0,0],"10":[0,0,0,0],"11":[0,0],"12":[0,0],"13":[0,0],"14":[0,0,0],"15":[0,0],"16":[0,0],"17":[0,0],"18":[0,0],"19":[0,0],"20":[0,0],"21":[0,0],"22":[0,0],"23":[0,0]}}
,"/Users/htchen/code_base/app/apps/mobile/src/hooks/useExpenseModals.ts": {"path":"/Users/htchen/code_base/app/apps/mobile/src/hooks/useExpenseModals.ts","statementMap":{"0":{"start":{"line":8,"column":32},"end":{"line":8,"column":61}},"1":{"start":{"line":22,"column":32},"end":{"line":114,"column":1}},"2":{"start":{"line":29,"column":4},"end":{"line":29,"column":74}},"3":{"start":{"line":32,"column":52},"end":{"line":32,"column":67}},"4":{"start":{"line":33,"column":46},"end":{"line":33,"column":61}},"5":{"start":{"line":34,"column":48},"end":{"line":34,"column":63}},"6":{"start":{"line":35,"column":46},"end":{"line":35,"column":61}},"7":{"start":{"line":38,"column":32},"end":{"line":42,"column":45}},"8":{"start":{"line":39,"column":4},"end":{"line":41,"column":21}},"9":{"start":{"line":45,"column":28},"end":{"line":48,"column":8}},"10":{"start":{"line":46,"column":26},"end":{"line":46,"column":67}},"11":{"start":{"line":46,"column":58},"end":{"line":46,"column":66}},"12":{"start":{"line":47,"column":4},"end":{"line":47,"column":55}},"13":{"start":{"line":51,"column":31},"end":{"line":59,"column":3}},"14":{"start":{"line":54,"column":4},"end":{"line":58,"column":5}},"15":{"start":{"line":55,"column":6},"end":{"line":55,"column":52}},"16":{"start":{"line":57,"column":6},"end":{"line":57,"column":46}},"17":{"start":{"line":61,"column":28},"end":{"line":65,"column":3}},"18":{"start":{"line":62,"column":4},"end":{"line":62,"column":49}},"19":{"start":{"line":63,"column":4},"end":{"line":63,"column":53}},"20":{"start":{"line":64,"column":4},"end":{"line":64,"column":54}},"21":{"start":{"line":67,"column":27},"end":{"line":72,"column":3}},"22":{"start":{"line":68,"column":4},"end":{"line":68,"column":49}},"23":{"start":{"line":69,"column":4},"end":{"line":69,"column":53}},"24":{"start":{"line":70,"column":4},"end":{"line":70,"column":54}},"25":{"start":{"line":71,"column":4},"end":{"line":71,"column":29}},"26":{"start":{"line":74,"column":34},"end":{"line":88,"column":3}},"27":{"start":{"line":75,"column":4},"end":{"line":87,"column":7}},"28":{"start":{"line":76,"column":25},"end":{"line":78,"column":7}},"29":{"start":{"line":77,"column":28},"end":{"line":77,"column":44}},"30":{"start":{"line":79,"column":6},"end":{"line":86,"column":8}},"31":{"start":{"line":83,"column":34},"end":{"line":83,"column":50}},"32":{"start":{"line":90,"column":2},"end":{"line":113,"column":4}}},"fnMap":{"0":{"name":"(anonymous_0)","decl":{"start":{"line":22,"column":32},"end":{"line":22,"column":33}},"loc":{"start":{"line":27,"column":29},"end":{"line":114,"column":1}},"line":27},"1":{"name":"(anonymous_1)","decl":{"start":{"line":38,"column":40},"end":{"line":38,"column":41}},"loc":{"start":{"line":38,"column":46},"end":{"line":42,"column":3}},"line":38},"2":{"name":"(anonymous_2)","decl":{"start":{"line":45,"column":36},"end":{"line":45,"column":37}},"loc":{"start":{"line":45,"column":42},"end":{"line":48,"column":3}},"line":45},"3":{"name":"(anonymous_3)","decl":{"start":{"line":46,"column":49},"end":{"line":46,"column":50}},"loc":{"start":{"line":46,"column":58},"end":{"line":46,"column":66}},"line":46},"4":{"name":"(anonymous_4)","decl":{"start":{"line":51,"column":31},"end":{"line":51,"column":32}},"loc":{"start":{"line":53,"column":7},"end":{"line":59,"column":3}},"line":53},"5":{"name":"(anonymous_5)","decl":{"start":{"line":61,"column":28},"end":{"line":61,"column":29}},"loc":{"start":{"line":61,"column":52},"end":{"line":65,"column":3}},"line":61},"6":{"name":"(anonymous_6)","decl":{"start":{"line":67,"column":27},"end":{"line":67,"column":28}},"loc":{"start":{"line":67,"column":33},"end":{"line":72,"column":3}},"line":67},"7":{"name":"(anonymous_7)","decl":{"start":{"line":74,"column":34},"end":{"line":74,"column":35}},"loc":{"start":{"line":74,"column":57},"end":{"line":88,"column":3}},"line":74},"8":{"name":"(anonymous_8)","decl":{"start":{"line":75,"column":17},"end":{"line":75,"column":18}},"loc":{"start":{"line":75,"column":32},"end":{"line":87,"column":5}},"line":75},"9":{"name":"(anonymous_9)","decl":{"start":{"line":77,"column":8},"end":{"line":77,"column":9}},"loc":{"start":{"line":77,"column":28},"end":{"line":77,"column":44}},"line":77},"10":{"name":"(anonymous_10)","decl":{"start":{"line":83,"column":14},"end":{"line":83,"column":15}},"loc":{"start":{"line":83,"column":34},"end":{"line":83,"column":50}},"line":83}},"branchMap":{"0":{"loc":{"start":{"line":39,"column":11},"end":{"line":41,"column":20}},"type":"cond-expr","locations":[{"start":{"line":40,"column":8},"end":{"line":40,"column":44}},{"start":{"line":41,"column":8},"end":{"line":41,"column":20}}],"line":39},"1":{"loc":{"start":{"line":54,"column":4},"end":{"line":58,"column":5}},"type":"if","locations":[{"start":{"line":54,"column":4},"end":{"line":58,"column":5}},{"start":{"line":56,"column":11},"end":{"line":58,"column":5}}],"line":54},"2":{"loc":{"start":{"line":81,"column":30},"end":{"line":85,"column":48}},"type":"cond-expr","locations":[{"start":{"line":82,"column":12},"end":{"line":84,"column":13}},{"start":{"line":85,"column":12},"end":{"line":85,"column":48}}],"line":81}},"s":{"0":0,"1":0,"2":0,"3":0,"4":0,"5":0,"6":0,"7":0,"8":0,"9":0,"10":0,"11":0,"12":0,"13":0,"14":0,"15":0,"16":0,"17":0,"18":0,"19":0,"20":0,"21":0,"22":0,"23":0,"24":0,"25":0,"26":0,"27":0,"28":0,"29":0,"30":0,"31":0,"32":0},"f":{"0":0,"1":0,"2":0,"3":0,"4":0,"5":0,"6":0,"7":0,"8":0,"9":0,"10":0},"b":{"0":[0,0],"1":[0,0],"2":[0,0]}}
,"/Users/htchen/code_base/app/apps/mobile/src/hooks/useInsightsData.ts": {"path":"/Users/htchen/code_base/app/apps/mobile/src/hooks/useInsightsData.ts","statementMap":{"0":{"start":{"line":47,"column":31},"end":{"line":194,"column":1}},"1":{"start":{"line":53,"column":22},"end":{"line":53,"column":64}},"2":{"start":{"line":53,"column":49},"end":{"line":53,"column":63}},"3":{"start":{"line":54,"column":25},"end":{"line":54,"column":73}},"4":{"start":{"line":54,"column":52},"end":{"line":54,"column":72}},"5":{"start":{"line":55,"column":17},"end":{"line":55,"column":57}},"6":{"start":{"line":55,"column":44},"end":{"line":55,"column":56}},"7":{"start":{"line":56,"column":24},"end":{"line":56,"column":68}},"8":{"start":{"line":56,"column":51},"end":{"line":56,"column":67}},"9":{"start":{"line":59,"column":40},"end":{"line":59,"column":75}},"10":{"start":{"line":60,"column":42},"end":{"line":62,"column":3}},"11":{"start":{"line":63,"column":44},"end":{"line":65,"column":3}},"12":{"start":{"line":66,"column":48},"end":{"line":66,"column":63}},"13":{"start":{"line":69,"column":25},"end":{"line":76,"column":8}},"14":{"start":{"line":70,"column":24},"end":{"line":70,"column":48}},"15":{"start":{"line":71,"column":18},"end":{"line":71,"column":20}},"16":{"start":{"line":72,"column":4},"end":{"line":74,"column":5}},"17":{"start":{"line":72,"column":17},"end":{"line":72,"column":32}},"18":{"start":{"line":73,"column":6},"end":{"line":73,"column":20}},"19":{"start":{"line":75,"column":4},"end":{"line":75,"column":17}},"20":{"start":{"line":78,"column":21},"end":{"line":94,"column":3}},"21":{"start":{"line":79,"column":10},"end":{"line":92,"column":5}},"22":{"start":{"line":97,"column":22},"end":{"line":103,"column":38}},"23":{"start":{"line":98,"column":4},"end":{"line":101,"column":5}},"24":{"start":{"line":99,"column":20},"end":{"line":99,"column":58}},"25":{"start":{"line":99,"column":39},"end":{"line":99,"column":57}},"26":{"start":{"line":100,"column":6},"end":{"line":100,"column":65}},"27":{"start":{"line":102,"column":4},"end":{"line":102,"column":39}},"28":{"start":{"line":106,"column":28},"end":{"line":113,"column":60}},"29":{"start":{"line":107,"column":4},"end":{"line":112,"column":6}},"30":{"start":{"line":116,"column":25},"end":{"line":118,"column":48}},"31":{"start":{"line":117,"column":4},"end":{"line":117,"column":74}},"32":{"start":{"line":121,"column":27},"end":{"line":143,"column":4}},"33":{"start":{"line":122,"column":29},"end":{"line":127,"column":5}},"34":{"start":{"line":129,"column":4},"end":{"line":134,"column":6}},"35":{"start":{"line":146,"column":20},"end":{"line":148,"column":39}},"36":{"start":{"line":147,"column":4},"end":{"line":147,"column":70}},"37":{"start":{"line":151,"column":31},"end":{"line":159,"column":3}},"38":{"start":{"line":152,"column":21},"end":{"line":156,"column":5}},"39":{"start":{"line":157,"column":4},"end":{"line":157,"column":35}},"40":{"start":{"line":158,"column":4},"end":{"line":158,"column":37}},"41":{"start":{"line":161,"column":27},"end":{"line":167,"column":3}},"42":{"start":{"line":162,"column":17},"end":{"line":162,"column":72}},"43":{"start":{"line":163,"column":4},"end":{"line":166,"column":5}},"44":{"start":{"line":164,"column":6},"end":{"line":164,"column":33}},"45":{"start":{"line":165,"column":6},"end":{"line":165,"column":35}},"46":{"start":{"line":169,"column":2},"end":{"line":193,"column":4}}},"fnMap":{"0":{"name":"(anonymous_0)","decl":{"start":{"line":47,"column":31},"end":{"line":47,"column":32}},"loc":{"start":{"line":51,"column":51},"end":{"line":194,"column":1}},"line":51},"1":{"name":"(anonymous_1)","decl":{"start":{"line":53,"column":38},"end":{"line":53,"column":39}},"loc":{"start":{"line":53,"column":49},"end":{"line":53,"column":63}},"line":53},"2":{"name":"(anonymous_2)","decl":{"start":{"line":54,"column":41},"end":{"line":54,"column":42}},"loc":{"start":{"line":54,"column":52},"end":{"line":54,"column":72}},"line":54},"3":{"name":"(anonymous_3)","decl":{"start":{"line":55,"column":33},"end":{"line":55,"column":34}},"loc":{"start":{"line":55,"column":44},"end":{"line":55,"column":56}},"line":55},"4":{"name":"(anonymous_4)","decl":{"start":{"line":56,"column":40},"end":{"line":56,"column":41}},"loc":{"start":{"line":56,"column":51},"end":{"line":56,"column":67}},"line":56},"5":{"name":"(anonymous_5)","decl":{"start":{"line":69,"column":33},"end":{"line":69,"column":34}},"loc":{"start":{"line":69,"column":39},"end":{"line":76,"column":3}},"line":69},"6":{"name":"(anonymous_6)","decl":{"start":{"line":79,"column":4},"end":{"line":79,"column":5}},"loc":{"start":{"line":79,"column":10},"end":{"line":92,"column":5}},"line":79},"7":{"name":"(anonymous_7)","decl":{"start":{"line":97,"column":30},"end":{"line":97,"column":31}},"loc":{"start":{"line":97,"column":36},"end":{"line":103,"column":3}},"line":97},"8":{"name":"(anonymous_8)","decl":{"start":{"line":99,"column":32},"end":{"line":99,"column":33}},"loc":{"start":{"line":99,"column":39},"end":{"line":99,"column":57}},"line":99},"9":{"name":"(anonymous_9)","decl":{"start":{"line":106,"column":36},"end":{"line":106,"column":37}},"loc":{"start":{"line":106,"column":42},"end":{"line":113,"column":3}},"line":106},"10":{"name":"(anonymous_10)","decl":{"start":{"line":116,"column":33},"end":{"line":116,"column":34}},"loc":{"start":{"line":116,"column":39},"end":{"line":118,"column":3}},"line":116},"11":{"name":"(anonymous_11)","decl":{"start":{"line":121,"column":35},"end":{"line":121,"column":36}},"loc":{"start":{"line":121,"column":41},"end":{"line":135,"column":3}},"line":121},"12":{"name":"(anonymous_12)","decl":{"start":{"line":146,"column":28},"end":{"line":146,"column":29}},"loc":{"start":{"line":146,"column":34},"end":{"line":148,"column":3}},"line":146},"13":{"name":"(anonymous_13)","decl":{"start":{"line":151,"column":31},"end":{"line":151,"column":32}},"loc":{"start":{"line":151,"column":37},"end":{"line":159,"column":3}},"line":151},"14":{"name":"(anonymous_14)","decl":{"start":{"line":161,"column":27},"end":{"line":161,"column":28}},"loc":{"start":{"line":161,"column":33},"end":{"line":167,"column":3}},"line":161}},"branchMap":{"0":{"loc":{"start":{"line":61,"column":4},"end":{"line":61,"column":70}},"type":"cond-expr","locations":[{"start":{"line":61,"column":18},"end":{"line":61,"column":43}},{"start":{"line":61,"column":46},"end":{"line":61,"column":70}}],"line":61},"1":{"loc":{"start":{"line":64,"column":4},"end":{"line":64,"column":64}},"type":"cond-expr","locations":[{"start":{"line":64,"column":18},"end":{"line":64,"column":40}},{"start":{"line":64,"column":43},"end":{"line":64,"column":64}}],"line":64},"2":{"loc":{"start":{"line":98,"column":4},"end":{"line":101,"column":5}},"type":"if","locations":[{"start":{"line":98,"column":4},"end":{"line":101,"column":5}},{"start":{},"end":{}}],"line":98},"3":{"loc":{"start":{"line":100,"column":13},"end":{"line":100,"column":64}},"type":"cond-expr","locations":[{"start":{"line":100,"column":21},"end":{"line":100,"column":45}},{"start":{"line":100,"column":48},"end":{"line":100,"column":64}}],"line":100},"4":{"loc":{"start":{"line":163,"column":4},"end":{"line":166,"column":5}},"type":"if","locations":[{"start":{"line":163,"column":4},"end":{"line"
[...]
7":{"start":{"line":32,"column":24},"end":{"line":32,"column":38}},"8":{"start":{"line":51,"column":49},"end":{"line":101,"column":1}},"9":{"start":{"line":55,"column":2},"end":{"line":57,"column":3}},"10":{"start":{"line":56,"column":4},"end":{"line":56,"column":14}},"11":{"start":{"line":59,"column":74},"end":{"line":59,"column":76}},"12":{"start":{"line":61,"column":2},"end":{"line":63,"column":5}},"13":{"start":{"line":62,"column":4},"end":{"line":62,"column":54}},"14":{"start":{"line":65,"column":2},"end":{"line":88,"column":5}},"15":{"start":{"line":67,"column":4},"end":{"line":69,"column":5}},"16":{"start":{"line":68,"column":6},"end":{"line":68,"column":60}},"17":{"start":{"line":75,"column":6},"end":{"line":77,"column":22}},"18":{"start":{"line":79,"column":4},"end":{"line":87,"column":5}},"19":{"start":{"line":80,"column":34},"end":{"line":80,"column":77}},"20":{"start":{"line":81,"column":6},"end":{"line":86,"column":9}},"21":{"start":{"line":83,"column":8},"end":{"line":85,"column":9}},"22":{"start":{"line":84,"column":10},"end":{"line":84,"column":70}},"23":{"start":{"line":90,"column":2},"end":{"line":100,"column":5}},"24":{"start":{"line":91,"column":17},"end":{"line":91,"column":53}},"25":{"start":{"line":92,"column":18},"end":{"line":92,"column":55}},"26":{"start":{"line":93,"column":4},"end":{"line":99,"column":6}}},"fnMap":{"0":{"name":"(anonymous_0)","decl":{"start":{"line":9,"column":35},"end":{"line":9,"column":36}},"loc":{"start":{"line":12,"column":13},"end":{"line":16,"column":1}},"line":12},"1":{"name":"(anonymous_1)","decl":{"start":{"line":14,"column":12},"end":{"line":14,"column":13}},"loc":{"start":{"line":14,"column":19},"end":{"line":14,"column":40}},"line":14},"2":{"name":"(anonymous_2)","decl":{"start":{"line":15,"column":12},"end":{"line":15,"column":13}},"loc":{"start":{"line":15,"column":24},"end":{"line":15,"column":38}},"line":15},"3":{"name":"(anonymous_3)","decl":{"start":{"line":25,"column":53},"end":{"line":25,"column":54}},"loc":{"start":{"line":29,"column":13},"end":{"line":33,"column":1}},"line":29},"4":{"name":"(anonymous_4)","decl":{"start":{"line":31,"column":12},"end":{"line":31,"column":13}},"loc":{"start":{"line":31,"column":19},"end":{"line":31,"column":63}},"line":31},"5":{"name":"(anonymous_5)","decl":{"start":{"line":32,"column":12},"end":{"line":32,"column":13}},"loc":{"start":{"line":32,"column":24},"end":{"line":32,"column":38}},"line":32},"6":{"name":"(anonymous_6)","decl":{"start":{"line":51,"column":49},"end":{"line":51,"column":50}},"loc":{"start":{"line":54,"column":29},"end":{"line":101,"column":1}},"line":54},"7":{"name":"(anonymous_7)","decl":{"start":{"line":61,"column":23},"end":{"line":61,"column":24}},"loc":{"start":{"line":61,"column":35},"end":{"line":63,"column":3}},"line":61},"8":{"name":"(anonymous_8)","decl":{"start":{"line":65,"column":24},"end":{"line":65,"column":25}},"loc":{"start":{"line":65,"column":37},"end":{"line":88,"column":3}},"line":65},"9":{"name":"(anonymous_9)","decl":{"start":{"line":81,"column":34},"end":{"line":81,"column":35}},"loc":{"start":{"line":81,"column":51},"end":{"line":86,"column":7}},"line":81},"10":{"name":"(anonymous_10)","decl":{"start":{"line":90,"column":26},"end":{"line":90,"column":27}},"loc":{"start":{"line":90,"column":38},"end":{"line":100,"column":3}},"line":90}},"branchMap":{"0":{"loc":{"start":{"line":31,"column":19},"end":{"line":31,"column":63}},"type":"binary-expr","locations":[{"start":{"line":31,"column":19},"end":{"line":31,"column":40}},{"start":{"line":31,"column":44},"end":{"line":31,"column":63}}],"line":31},"1":{"loc":{"start":{"line":55,"column":2},"end":{"line":57,"column":3}},"type":"if","locations":[{"start":{"line":55,"column":2},"end":{"line":57,"column":3}},{"start":{},"end":{}}],"line":55},"2":{"loc":{"start":{"line":55,"column":6},"end":{"line":55,"column":48}},"type":"binary-expr","locations":[{"start":{"line":55,"column":6},"end":{"line":55,"column":19}},{"start":{"line":55,"column":23},"end":{"line":55,"column":48}}],"line":55},"3":{"loc":{"start":{"line":67,"column":4},"end":{"line":69,"column":5}},"type":"if","locations":[{"start":{"line":67,"column":4},"end":{"line":69,"column":5}},{"start":{},"end":{}}],"line":67},"4":{"loc":{"start":{"line":67,"column":8},"end":{"line":67,"column":56}},"type":"binary-expr","locations":[{"start":{"line":67,"column":8},"end":{"line":67,"column":22}},{"start":{"line":67,"column":26},"end":{"line":67,"column":56}}],"line":67},"5":{"loc":{"start":{"line":75,"column":6},"end":{"line":77,"column":22}},"type":"cond-expr","locations":[{"start":{"line":76,"column":10},"end":{"line":76,"column":30}},{"start":{"line":77,"column":10},"end":{"line":77,"column":22}}],"line":75},"6":{"loc":{"start":{"line":75,"column":6},"end":{"line":75,"column":61}},"type":"binary-expr","locations":[{"start":{"line":75,"column":6},"end":{"line":75,"column":26}},{"start":{"line":75,"column":30},"end":{"line":75,"column":61}}],"line":75},"7":{"loc":{"start":{"line":79,"column":4},"end":{"line":87,"column":5}},"type":"if","locations":[{"start":{"line":79,"column":4},"end":{"line":87,"column":5}},{"start":{},"end":{}}],"line":79},"8":{"loc":{"start":{"line":83,"column":8},"end":{"line":85,"column":9}},"type":"if","locations":[{"start":{"line":83,"column":8},"end":{"line":85,"column":9}},{"start":{},"end":{}}],"line":83},"9":{"loc":{"start":{"line":91,"column":17},"end":{"line":91,"column":53}},"type":"binary-expr","locations":[{"start":{"line":91,"column":17},"end":{"line":91,"column":48}},{"start":{"line":91,"column":52},"end":{"line":91,"column":53}}],"line":91},"10":{"loc":{"start":{"line":92,"column":18},"end":{"line":92,"column":55}},"type":"binary-expr","locations":[{"start":{"line":92,"column":18},"end":{"line":92,"column":50}},{"start":{"line":92,"column":54},"end":{"line":92,"column":55}}],"line":92}},"s":{"0":0,"1":0,"2":0,"3":0,"4":0,"5":0,"6":0,"7":0,"8":0,"9":0,"10":0,"11":0,"12":0,"13":0,"14":0,"15":0,"16":0,"17":0,"18":0,"19":0,"20":0,"21":0,"22":0,"23":0,"24":0,"25":0,"26":0},"f":{"0":0,"1":0,"2":0,"3":0,"4":0,"5":0,"6":0,"7":0,"8":0,"9":0,"10":0},"b":{"0":[0,0],"1":[0,0],"2":[0,0],"3":[0,0],"4":[0,0],"5":[0,0],"6":[0,0],"7":[0,0],"8":[0,0],"9":[0,0],"10":[0,0]}}
,"/Users/htchen/code_base/app/apps/mobile/src/utils/calculations/insightCalculations.ts": {"path":"/Users/htchen/code_base/app/apps/mobile/src/utils/calculations/insightCalculations.ts","statementMap":{"0":{"start":{"line":20,"column":39},"end":{"line":32,"column":1}},"1":{"start":{"line":23,"column":33},"end":{"line":23,"column":35}},"2":{"start":{"line":24,"column":20},"end":{"line":24,"column":21}},"3":{"start":{"line":26,"column":2},"end":{"line":29,"column":5}},"4":{"start":{"line":27,"column":4},"end":{"line":27,"column":80}},"5":{"start":{"line":28,"column":4},"end":{"line":28,"column":34}},"6":{"start":{"line":31,"column":2},"end":{"line":31,"column":40}},"7":{"start":{"line":37,"column":41},"end":{"line":65,"column":1}},"8":{"start":{"line":42,"column":2},"end":{"line":44,"column":3}},"9":{"start":{"line":43,"column":4},"end":{"line":43,"column":14}},"10":{"start":{"line":46,"column":44},"end":{"line":46,"column":77}},"11":{"start":{"line":48,"column":2},"end":{"line":50,"column":3}},"12":{"start":{"line":49,"column":4},"end":{"line":49,"column":14}},"13":{"start":{"line":52,"column":2},"end":{"line":64,"column":5}},"14":{"start":{"line":53,"column":28},"end":{"line":53,"column":75}},"15":{"start":{"line":53,"column":51},"end":{"line":53,"column":74}},"16":{"start":{"line":55,"column":4},"end":{"line":63,"column":6}},"17":{"start":{"line":70,"column":36},"end":{"line":89,"column":1}},"18":{"start":{"line":76,"column":2},"end":{"line":88,"column":5}},"19":{"start":{"line":77,"column":24},"end":{"line":77,"column":46}},"20":{"start":{"line":79,"column":4},"end":{"line":87,"column":5}},"21":{"start":{"line":80,"column":6},"end":{"line":80,"column":56}},"22":{"start":{"line":83,"column":6},"end":{"line":86,"column":8}},"23":{"start":{"line":94,"column":35},"end":{"line":108,"column":1}},"24":{"start":{"line":100,"column":2},"end":{"line":105,"column":3}},"25":{"start":{"line":102,"column":4},"end":{"line":102,"column":78}},"26":{"start":{"line":102,"column":43},"end":{"line":102,"column":76}},"27":{"start":{"line":103,"column":9},"end":{"line":105,"column":3}},"28":{"start":{"line":104,"column":4},"end":{"line":104,"column":74}},"29":{"start":{"line":104,"column":43},"end":{"line":104,"column":72}},"30":{"start":{"line":107,"column":2},"end":{"line":107,"column":12}},"31":{"start":{"line":113,"column":36},"end":{"line":130,"column":1}},"32":{"start":{"line":118,"column":14},"end":{"line":118,"column":24}},"33":{"start":{"line":119,"column":22},"end":{"line":119,"column":39}},"34":{"start":{"line":120,"column":23},"end":{"line":120,"column":37}},"35":{"start":{"line":122,"column":2},"end":{"line":127,"column":3}},"36":{"start":{"line":123,"column":4},"end":{"line":126,"column":6}},"37":{"start":{"line":129,"column":2},"end":{"line":129,"column":37}},"38":{"start":{"line":135,"column":36},"end":{"line":145,"column":1}},"39":{"start":{"line":141,"column":2},"end":{"line":143,"column":3}},"40":{"start":{"line":142,"column":4},"end":{"line":142,"column":58}},"41":{"start":{"line":144,"column":2},"end":{"line":144,"column":33}},"42":{"start":{"line":150,"column":33},"end":{"line":168,"column":1}},"43":{"start":{"line":155,"column":2},"end":{"line":167,"column":3}},"44":{"start":{"line":156,"column":19},"end":{"line":156,"column":36}},"45":{"start":{"line":157,"column":18},"end":{"line":157,"column":30}},"46":{"start":{"line":159,"column":4},"end":{"line":162,"column":5}},"47":{"start":{"line":160,"column":6},"end":{"line":160,"column":20}},"48":{"start":{"line":161,"column":6},"end":{"line":161,"column":19}},"49":{"start":{"line":164,"column":4},"end":{"line":164,"column":46}},"50":{"start":{"line":166,"column":4},"end":{"line":166,"column":60}},"51":{"start":{"line":173,"column":29},"end":{"line":210,"column":1}},"52":{"start":{"line":178,"column":14},"end":{"line":178,"column":24}},"53":{"start":{"line":179,"column":22},"end":{"line":179,"column":39}},"54":{"start":{"line":180,"column":23},"end":{"line":180,"column":37}},"55":{"start":{"line":182,"column":2},"end":{"line":209,"column":3}},"56":{"start":{"line":183,"column":19},"end":{"line":183,"column":36}},"57":{"start":{"line":184,"column":18},"end":{"line":184,"column":30}},"58":{"start":{"line":186,"column":4},"end":{"line":189,"column":5}},"59":{"start":{"line":187,"column":6},"end":{"line":187,"column":19}},"60":{"start":{"line":188,"column":6},"end":{"line":188,"column":19}},"61":{"start":{"line":192,"column":4},"end":{"line":197,"column":5}},"62":{"start":{"line":196,"column":6},"end":{"line":196,"column":18}},"63":{"start":{"line":199,"column":4},"end":{"line":199,"column":46}},"64":{"start":{"line":201,"column":20},"end":{"line":201,"column":36}},"65":{"start":{"line":204,"column":4},"end":{"line":206,"column":5}},"66":{"start":{"line":205,"column":6},"end":{"line":205,"column":18}},"67":{"start":{"line":208,"column":4},"end":{"line":208,"column":51}}},"fnMap":{"0":{"name":"(anonymous_0)","decl":{"start":{"line":20,"column":39},"end":{"line":20,"column":40}},"loc":{"start":{"line":22,"column":48},"end":{"line":32,"column":1}},"line":22},"1":{"name":"(anonymous_1)","decl":{"start":{"line":26,"column":19},"end":{"line":26,"column":20}},"loc":{"start":{"line":26,"column":32},"end":{"line":29,"column":3}},"line":26},"2":{"name":"(anonymous_2)","decl":{"start":{"line":37,"column":41},"end":{"line":37,"column":42}},"loc":{"start":{"line":41,"column":23},"end":{"line":65,"column":1}},"line":41},"3":{"name":"(anonymous_3)","decl":{"start":{"line":52,"column":36},"end":{"line":52,"column":37}},"loc":{"start":{"line":52,"column":63},"end":{"line":64,"column":3}},"line":52},"4":{"name":"(anonymous_4)","decl":{"start":{"line":53,"column":44},"end":{"line":53,"column":45}},"loc":{"start":{"line":53,"column":51},"end":{"line":53,"column":74}},"line":53},"5":{"name":"(anonymous_5)","decl":{"start":{"line":70,"column":36},"end":{"line":70,"column":37}},"loc":{"start":{"line":75,"column":16},"end":{"line":89,"column":1}},"line":75},"6":{"name":"(anonymous_6)","decl":{"start":{"line":76,"column":25},"end":{"line":76,"column":26}},"loc":{"start":{"line":76,"column":38},"end":{"line":88,"column":3}},"line":76},"7":{"name":"(anonymous_7)","decl":{"start":{"line":94,"column":35},"end":{"line":94,"column":36}},"loc":{"start":{"line":99,"column":16},"end":{"line":108,"column":1}},"line":99},"8":{"name":"(anonymous_8)","decl":{"start":{"line":102,"column":30},"end":{"line":102,"column":31}},"loc":{"start":{"line":102,"column":43},"end":{"line":102,"column":76}},"line":102},"9":{"name":"(anonymous_9)","decl":{"start":{"line":104,"column":30},"end":{"line":104,"column":31}},"loc":{"start":{"line":104,"column":43},"end":{"line":104,"column":72}},"line":104},"10":{"name":"(anonymous_10)","decl":{"start":{"line":113,"column":36},"end":{"line":113,"column":37}},"loc":{"start":{"line":117,"column":14},"end":{"line":130,"column":1}},"line":117},"11":{"name":"(anonymous_11)","decl":{"start":{"line":135,"column":36},"end":{"line":135,"column":37}},"loc":{"start":{"line":140,"column":13},"end":{"line":145,"column":1}},"line":140},"12":{"name":"(anonymous_12)","decl":{"start":{"line":150,"column":33},"end":{"line":150,"column":34}},"loc":{"start":{"line":154,"column":38},"end":{"line":168,"column":1}},"line":154},"13":{"name":"(anonymous_13)","decl":{"start":{"line":173,"column":29},"end":{"line":173,"column":30}},"loc":{"start":{"line":177,"column":45},"end":{"line":210,"column":1}},"line":177}},"branchMap":{"0":{"loc":{"start":{"line":27,"column":32},"end":{"line":27,"column":61}},"type":"binary-expr","locations":[{"start":{"line":27,"column":32},"end":{"line":27,"column":56}},{"start":{"line":27,"column":60},"end":{"line":27,"column":61}}],"line":27},"1":{"loc":{"start":{"line":40,"column":2},"end":{"line":40,"column":34}},"type":"default-arg","locations":[{"start":{"line":40,"column":25},"end":{"line":40,"column":34}}],"line":40},"2":{"loc":{"start":{"line":42,"column":2},"end":{"line":44,"column":3}},"type":"if","locations":[{"start":{"line":42,"column":2},"end":{"line":44,"column":3}},{"start":{},"end":{}}],"line":42},"3":{"loc":{"start":{"line":48,"column":2},"end":{"line":50,"column":3}},"type":"if","locations":[{"start":{"line":48,"column":2},"end":{"line":50,"column":3}},{"start":{},"end":{}}],"line":48},"4":{"loc":{"start":{"line":56,"column":13},"end":{"line":56,"column":23}},"type":"binary-expr","locations":[{"start":{"line":56,"column":13},"end":{"line":56,"column":18}},{"start":{"line":56,"column":22},"end":{"line":56,"column":23}}],"line":56},"5":{"loc":{"start":{"line":59,"column":13},"end":{"line":59,"column":67}},"type":"cond-expr","locations":[{"start":{"line":59,"column":31},"end":{"line":59,"column":52}},{"start":{"line":59,"column":55},"end":{"line":59,"column":67}}],"line":59},"6":{"loc":{"start":{"line":61,"column":21},"end":{"line":61,"column":31}},"type":"binary-expr","locations":[{"start":{"line":61,"column":21},"end":{"line":61,"column":26}},{"start":{"line":61,"column":30},"end":{"line":61,"column":31}}],"line":61},"7":{"loc":{"start":{"line":62,"column":20},"end":{"line":62,"column":30}},"type":"binary-expr","locations":[{"start":{"line":62,"column":20},"end":{"line":62,"column":25}},{"start":{"line":62,"column":29},"end":{"line":62,"column":30}}],"line":62},"8":{"loc":{"start":{"line":79,"column":4},"end":{"line":87,"column":5}},"type":"if","locations":[{"start":{"line":79,"column":4},"end":{"line":87,"column":5}},{"start":{"line":81,"column":11},"end":{"line":87,"column":5}}],"line":79},"9":{"loc":{"start":{"line":84,"column":8},"end":{"line":85,"column":48}},"type":"binary-expr","locations":[{"start":{"line":84,"column":8},"end":{"line":84,"column":50}},{"start":{"line":85,"column":8},"end":{"line":85,"column":48}}],"line":84},"10":{"loc":{"start":{"line":100,"column":2},"end":{"line":105,"column":3}},"type":"if","locations":[{"start":{"line":100,"column":2},"end":{"line":105,"column":3}},{"start":{"line":103,"column":9},"end":{"line":105,"column":3}}],"line":100},"11":{"loc":{"start":{"line":100,"column":6},"end":{"line":100,"column":50}},"type":"binary-expr","locations":[{"start":{"line":100,"column":6},"end":{"line":100,"column":32}},{"start":{"line":100,"column":36},"end":{"line":100,"column":50}}],"line":100},"12":{"loc":{"start":{"line":103,"column":9},"end":{"line":105,"column":3}},"type":"if","locations":[{"start":{"line":103,"column":9},"end":{"line":105,"column":3}},{"start":{},"end":{}}],"line":103},"13":{"loc":{"start":{"line":122,"column":2},"end":{"line":127,"column":3}},"type":"if","locations":[{"start":{"line":122,"column":2},"end":{"line":127,"column":3}},{"start":{},"end":{}}],"line":122},"14":{"loc":{"start":{"line":124,"column":6},"end":{"line":125,"column":69}},"type":"binary-expr","locations":[{"start":{"line":124,"column":6},"end":{"line":124,"column":32}},{"start":{"line":125,"column":7},"end":{"line":125,"column":35}},{"start":{"line":125,"column":39},"end":{"line":125,"column":68}}],"line":124},"15":{"loc":{"start":{"line":141,"column":2},"end":{"line":143,"column":3}},"type":"if","locations":[{"start":{"line":141,"column":2},"end":{"line":143,"column":3}},{"start":{},"end":{}}],"line":141},"16":{"loc":{"start":{"line":155,"column":2},"end":{"line":167,"column":3}},"type":"if","locations":[{"start":{"line":155,"column":2},"end":{"line":167,"column":3}},{"start":{"line":165,"column":9},"end":{"line":167,"column":3}}],"line":155},"17":{"loc":{"start":{"line":159,"column":4},"end":{"line":162,"column":5}},"type":"if","locations":[{"start":{"line":159,"column":4},"end":{"line":162,"column":5}},{"start":{},"end":{}}],"line":159},"18":{"loc":{"start":{"line":182,"column":2},"end":{"line":209,"column":3}},"type":"if","locations":[{"start":{"line":182,"column":2},"end":{"line":209,"column":3}},{"start":{"line":200,"column":9},"end":{"line":209,"column":3}}],"line":182},"19":{"loc":{"start":{"line":186,"column":4},"end":{"line":189,"column":5}},"type":"if","locations":[{"start":{"line":186,"column":4},"end":{"line":189,"column":5}},{"start":{},"end":{}}],"line":186},"20":{"loc":{"start":{"line":192,"column":4},"end":{"line":197,"column":5}},"type":"if","locations":[{"start":{"line":192,"column":4},"end":{"line":197,"column":5}},{"start":{},"end":{}}],"line":192},"21":{"loc":{"start":{"line":193,"column":6},"end":{"line":194,"column":58}},"type":"binary-expr","locations":[{"start":{"line":193,"column":6},"end":{"line":193,"column":27}},{"start":{"line":194,"column":7},"end":{"line":194,"column":30}},{"start":{"line":194,"column":34},"end":{"line":194,"column":57}}],"line":193},"22":{"loc":{"start":{"line":204,"column":4},"end":{"line":206,"column":5}},"type":"if","locations":[{"start":{"line":204,"column":4},"end":{"line":206,"column":5}},{"start":{},"end":{}}],"line":204}},"s":{"0":2,"1":11,"2":11,"3":11,"4":18,"5":18,"6":11,"7":2,"8":5,"9":1,"10":4,"11":4,"12":1,"13":3,"14":6,"15":13,"16":6,"17":2,"18":7,"19":22,"20":22,"21":11,"22":11,"23":2,"24":4,"25":1,"26":5,"27":3,"28":2,"29":10,"30":1,"31":2,"32":10,"33":10,"34":10,"35":10,"36":5,"37":5,"38":2,"39":6,"40":4,"41":2,"42":2,"43":6,"44":4,"45":4,"46":4,"47":2,"48":2,"49":4,"50":2,"51":2,"52":11,"53":11,"54":11,"55":11,"56":6,"57":6,"58":6,"59":1,"60":1,"61":6,"62":3,"63":3,"64":5,"65":5,"66":3,"67":2},"f":{"0":11,"1":18,"2":5,"3":6,"4":13,"5":7,"6":22,"7":4,"8":5,"9":10,"10":10,"11":6,"12":6,"13":11},"b":{"0":[18,15],"1":[4],"2":[1,4],"3":[1,3],"4":[6,0],"5":[5,1],"6":[6,0],"7":[6,0],"8":[11,11],"9":[11,8],"10":[1,3],"11":[4,2],"12":[2,1],"13":[5,5],"14":[5,5,5],"15":[4,2],"16":[4,2],"17":[2,2],"18":[6,5],"19":[1,5],"20":[3,3],"21":[6,6,6],"22":[3,2]},"_coverageSchema":"1a1c01bbd47fc00a2c39e90264f33305004495a9","hash":"b659d87587b6813701ab13626411ecb2dba3df60"}
}
