TN:
SF:src/components/DatePicker.tsx
FN:25,(anonymous_0)
FN:36,(anonymous_1)
FN:49,(anonymous_2)
FN:52,(anonymous_3)
FN:62,(anonymous_4)
FNF:5
FNH:0
FNDA:0,(anonymous_0)
FNDA:0,(anonymous_1)
FNDA:0,(anonymous_2)
FNDA:0,(anonymous_3)
FNDA:0,(anonymous_4)
DA:25,0
DA:34,0
DA:36,0
DA:41,0
DA:42,0
DA:45,0
DA:49,0
DA:50,0
DA:52,0
DA:58,0
DA:62,0
DA:91,0
LF:12
LH:0
BRDA:41,0,0,0
BRDA:41,0,1,0
BRDA:45,1,0,0
BRDA:45,1,1,0
BRDA:72,2,0,0
BRDA:72,2,1,0
BRDA:75,3,0,0
BRDA:75,3,1,0
BRDA:80,4,0,0
BRDA:80,4,1,0
BRF:10
BRH:0
end_of_record
TN:
SF:src/components/ExpenseListItem.tsx
FN:14,(anonymous_0)
FN:25,(anonymous_1)
FN:28,(anonymous_2)
FN:36,(anonymous_3)
FN:77,(anonymous_4)
FNF:5
FNH:0
FNDA:0,(anonymous_0)
FNDA:0,(anonymous_1)
FNDA:0,(anonymous_2)
FNDA:0,(anonymous_3)
FNDA:0,(anonymous_4)
DA:14,0
DA:24,0
DA:25,0
DA:28,0
DA:29,0
DA:36,0
DA:43,0
DA:77,0
DA:93,0
LF:9
LH:0
BRDA:24,0,0,0
BRDA:24,0,1,0
BRDA:24,1,0,0
BRDA:24,1,1,0
BRDA:56,2,0,0
BRDA:56,2,1,0
BRDA:62,3,0,0
BRDA:62,3,1,0
BRDA:67,4,0,0
BRDA:67,4,1,0
BRF:10
BRH:0
end_of_record
TN:
SF:src/components/FloatingActionButton.tsx
FN:30,(anonymous_0)
FN:37,(anonymous_1)
FNF:2
FNH:0
FNDA:0,(anonymous_0)
FNDA:0,(anonymous_1)
DA:30,0
DA:35,0
DA:37,0
DA:38,0
DA:39,0
DA:41,0
DA:45,0
DA:52,0
LF:8
LH:0
BRDA:38,0,0,0
BRDA:38,0,1,0
BRDA:41,1,0,0
BRDA:41,1,1,0
BRF:4
BRH:0
end_of_record
TN:
SF:src/components/FormInput.tsx
FN:22,(anonymous_0)
FNF:1
FNH:0
FNDA:0,(anonymous_0)
DA:22,0
DA:32,0
DA:50,0
LF:3
LH:0
BRDA:27,0,0,0
BRDA:28,1,0,0
BRDA:36,2,0,0
BRDA:36,2,1,0
BRDA:42,3,0,0
BRDA:42,3,1,0
BRDA:43,4,0,0
BRDA:43,4,1,0
BRF:8
BRH:0
end_of_record
TN:
SF:src/components/GroupBalancesOverlay.tsx
FN:26,(anonymous_0)
FN:34,(anonymous_1)
FN:38,(anonymous_2)
FN:77,(anonymous_3)
FNF:4
FNH:0
FNDA:0,(anonymous_0)
FNDA:0,(anonymous_1)
FNDA:0,(anonymous_2)
FNDA:0,(anonymous_3)
DA:26,0
DA:34,0
DA:35,0
DA:38,0
DA:39,0
DA:40,0
DA:41,0
DA:42,0
DA:43,0
DA:44,0
DA:46,0
DA:49,0
DA:64,0
DA:77,0
DA:92,0
LF:15
LH:0
BRDA:41,0,0,0
BRDA:41,0,1,0
BRDA:43,1,0,0
BRDA:43,1,1,0
BRDA:53,2,0,0
BRDA:53,2,1,0
BRF:6
BRH:0
end_of_record
TN:
SF:src/components/GroupListItem.tsx
FN:14,(anonymous_0)
FN:24,(anonymous_1)
FN:31,(anonymous_2)
FN:44,(anonymous_3)
FN:48,(anonymous_4)
FN:58,(anonymous_5)
FNF:6
FNH:0
FNDA:0,(anonymous_0)
FNDA:0,(anonymous_1)
FNDA:0,(anonymous_2)
FNDA:0,(anonymous_3)
FNDA:0,(anonymous_4)
FNDA:0,(anonymous_5)
DA:14,0
DA:22,0
DA:24,0
DA:31,0
DA:45,0
DA:48,0
DA:58,0
DA:68,0
LF:8
LH:0
BRF:0
BRH:0
end_of_record
TN:
SF:src/components/ParticipantTag.tsx
FN:9,(anonymous_0)
FNF:1
FNH:0
FNDA:0,(anonymous_0)
DA:9,0
DA:13,0
DA:23,0
LF:3
LH:0
BRF:0
BRH:0
end_of_record
TN:
SF:src/components/SelectInput.tsx
FN:21,(anonymous_0)
FNF:1
FNH:0
FNDA:0,(anonymous_0)
DA:21,0
DA:30,0
DA:31,0
DA:33,0
DA:52,0
LF:5
LH:0
BRDA:24,0,0,0
BRDA:30,1,0,0
BRDA:30,1,1,0
BRDA:40,2,0,0
BRDA:40,2,1,0
BRF:5
BRH:0
end_of_record
TN:
SF:src/components/SelectionModal.tsx
FN:28,SelectionModal
FN:40,(anonymous_1)
FN:61,(anonymous_2)
FN:67,(anonymous_3)
FNF:4
FNH:0
FNDA:0,SelectionModal
FNDA:0,(anonymous_1)
FNDA:0,(anonymous_2)
FNDA:0,(anonymous_3)
DA:40,0
DA:41,0
DA:42,0
DA:43,0
DA:47,0
DA:62,0
DA:67,0
DA:96,0
LF:8
LH:0
BRDA:37,0,0,0
BRDA:42,1,0,0
BRDA:42,1,1,0
BRDA:65,2,0,0
BRDA:65,2,1,0
BRDA:75,3,0,0
BRDA:75,3,1,0
BRDA:85,4,0,0
BRDA:85,4,1,0
BRF:9
BRH:0
end_of_record
TN:
SF:src/components/TextInputModal.tsx
FN:24,(anonymous_0)
FN:37,(anonymous_1)
FN:43,(anonymous_2)
FNF:3
FNH:0
FNDA:0,(anonymous_0)
FNDA:0,(anonymous_1)
FNDA:0,(anonymous_2)
DA:24,0
DA:34,0
DA:37,0
DA:38,0
DA:39,0
DA:43,0
DA:44,0
DA:45,0
DA:46,0
DA:49,0
DA:53,0
DA:99,0
LF:12
LH:0
BRDA:28,0,0,0
BRDA:29,1,0,0
BRDA:32,2,0,0
BRDA:38,3,0,0
BRDA:38,3,1,0
BRDA:44,4,0,0
BRDA:44,4,1,0
BRDA:61,5,0,0
BRDA:61,5,1,0
BRF:9
BRH:0
end_of_record
TN:
SF:src/components/ExpenseForm/BasicInfoSection.tsx
FN:21,(anonymous_0)
FNF:1
FNH:0
FNDA:0,(anonymous_0)
DA:21,0
DA:33,0
LF:2
LH:0
BRF:0
BRH:0
end_of_record
TN:
SF:src/components/ExpenseForm/ExpenseModals.tsx
FN:41,(anonymous_0)
FN:71,(anonymous_1)
FN:74,(anonymous_2)
FN:75,(anonymous_3)
FN:87,(anonymous_4)
FN:90,(anonymous_5)
FN:91,(anonymous_6)
FN:102,(anonymous_7)
FN:105,(anonymous_8)
FN:106,(anonymous_9)
FN:116,(anonymous_10)
FN:119,(anonymous_11)
FN:120,(anonymous_12)
FN:121,(anonymous_13)
FNF:14
FNH:0
FNDA:0,(anonymous_0)
FNDA:0,(anonymous_1)
FNDA:0,(anonymous_2)
FNDA:0,(anonymous_3)
FNDA:0,(anonymous_4)
FNDA:0,(anonymous_5)
FNDA:0,(anonymous_6)
FNDA:0,(anonymous_7)
FNDA:0,(anonymous_8)
FNDA:0,(anonymous_9)
FNDA:0,(anonymous_10)
FNDA:0,(anonymous_11)
FNDA:0,(anonymous_12)
FNDA:0,(anonymous_13)
DA:41,0
DA:64,0
DA:72,0
DA:74,0
DA:76,0
DA:88,0
DA:90,0
DA:91,0
DA:103,0
DA:105,0
DA:106,0
DA:117,0
DA:119,0
DA:121,0
DA:131,0
LF:15
LH:0
BRDA:76,0,0,0
BRDA:76,0,1,0
BRDA:99,1,0,0
BRDA:99,1,1,0
BRDA:113,2,0,0
BRDA:113,2,1,0
BRF:6
BRH:0
end_of_record
TN:
SF:src/components/ExpenseForm/GroupSection.tsx
FN:17,(anonymous_0)
FN:46,(anonymous_1)
FN:50,(anonymous_2)
FNF:3
FNH:0
FNDA:0,(anonymous_0)
FNDA:0,(anonymous_1)
FNDA:0,(anonymous_2)
DA:17,0
DA:26,0
DA:47,0
DA:50,0
DA:67,0
LF:5
LH:0
BRDA:35,0,0,0
BRDA:35,0,1,0
BRF:2
BRH:0
end_of_record
TN:
SF:src/components/categories/CategoryForm.tsx
FN:21,(anonymous_0)
FN:31,(anonymous_1)
FN:41,(anonymous_2)
FN:51,(anonymous_3)
FNF:4
FNH:0
FNDA:0,(anonymous_0)
FNDA:0,(anonymous_1)
FNDA:0,(anonymous_2)
FNDA:0,(anonymous_3)
DA:21,0
DA:28,0
DA:29,0
DA:31,0
DA:32,0
DA:33,0
DA:34,0
DA:36,0
DA:37,0
DA:41,0
DA:42,0
DA:43,0
DA:44,0
DA:47,0
DA:48,0
DA:51,0
DA:52,0
DA:53,0
DA:54,0
DA:57,0
DA:59,0
DA:117,0
LF:22
LH:0
BRDA:32,0,0,0
BRDA:32,0,1,0
BRDA:43,1,0,0
BRDA:43,1,1,0
BRDA:57,2,0,0
BRDA:57,2,1,0
BRDA:57,3,0,0
BRDA:57,3,1,0
BRDA:96,4,0,0
BRDA:96,4,1,0
BRDA:104,5,0,0
BRDA:104,5,1,0
BRF:12
BRH:0
end_of_record
TN:
SF:src/components/categories/CategoryListItem.tsx
FN:19,(anonymous_0)
FN:25,(anonymous_1)
FN:37,(anonymous_2)
FN:54,(anonymous_3)
FN:57,(anonymous_4)
FNF:5
FNH:0
FNDA:0,(anonymous_0)
FNDA:0,(anonymous_1)
FNDA:0,(anonymous_2)
FNDA:0,(anonymous_3)
FNDA:0,(anonymous_4)
DA:19,0
DA:25,0
DA:29,0
DA:35,0
DA:37,0
DA:54,0
DA:55,0
DA:57,0
DA:67,0
DA:68,0
DA:71,0
DA:78,0
LF:12
LH:0
BRDA:23,0,0,0
BRDA:62,1,0,0
BRDA:62,1,1,0
BRDA:67,2,0,0
BRDA:67,2,1,0
BRF:5
BRH:0
end_of_record
TN:
SF:src/components/categories/ColorPicker.tsx
FN:26,(anonymous_0)
FN:36,(anonymous_1)
FN:44,(anonymous_2)
FNF:3
FNH:0
FNDA:0,(anonymous_0)
FNDA:0,(anonymous_1)
FNDA:0,(anonymous_2)
DA:4,0
DA:26,0
DA:32,0
DA:37,0
DA:44,0
DA:54,0
LF:6
LH:0
BRDA:29,0,0,0
BRDA:30,1,0,0
BRDA:42,2,0,0
BRDA:42,2,1,0
BRF:4
BRH:0
end_of_record
TN:
SF:src/components/insights/CategoryChart.tsx
FN:11,(anonymous_0)
FN:42,(anonymous_1)
FNF:2
FNH:0
FNDA:0,(anonymous_0)
FNDA:0,(anonymous_1)
DA:11,0
DA:15,0
DA:16,0
DA:27,0
DA:43,0
DA:59,0
LF:6
LH:0
BRDA:13,0,0,0
BRDA:15,1,0,0
BRDA:15,1,1,0
BRDA:40,2,0,0
BRDA:40,2,1,0
BRF:5
BRH:0
end_of_record
TN:
SF:src/components/insights/DatePickerModal.tsx
FN:17,(anonymous_0)
FN:49,(anonymous_1)
FN:64,(anonymous_2)
FNF:3
FNH:0
FNDA:0,(anonymous_0)
FNDA:0,(anonymous_1)
FNDA:0,(anonymous_2)
DA:17,0
DA:28,0
DA:50,0
DA:65,0
DA:82,0
LF:5
LH:0
BRDA:40,0,0,0
BRDA:40,0,1,0
BRF:2
BRH:0
end_of_record
TN:
SF:src/components/insights/InsightsHeader.tsx
FN:14,(anonymous_0)
FN:31,(anonymous_1)
FN:47,(anonymous_2)
FNF:3
FNH:0
FNDA:0,(anonymous_0)
FNDA:0,(anonymous_1)
FNDA:0,(anonymous_2)
DA:14,0
DA:23,0
DA:31,0
DA:47,0
DA:92,0
LF:5
LH:0
BRDA:29,0,0,0
BRDA:29,0,1,0
BRDA:36,1,0,0
BRDA:36,1,1,0
BRDA:45,2,0,0
BRDA:45,2,1,0
BRDA:52,3,0,0
BRDA:52,3,1,0
BRDA:75,4,0,0
BRDA:75,4,1,0
BRDA:81,5,0,0
BRDA:81,5,1,0
BRF:12
BRH:0
end_of_record
TN:
SF:src/constants/expenses.ts
FNF:0
FNH:0
DA:4,3
LF:1
LH:1
BRF:0
BRH:0
end_of_record
TN:
SF:src/hooks/useCategoryManager.ts
FN:27,(anonymous_0)
FN:29,(anonymous_1)
FN:30,(anonymous_2)
FN:31,(anonymous_3)
FN:33,(anonymous_4)
FN:41,(anonymous_5)
FN:46,(anonymous_6)
FN:51,(anonymous_7)
FN:57,(anonymous_8)
FN:77,(anonymous_9)
FN:92,(anonymous_10)
FN:93,(anonymous_11)
FN:112,(anonymous_12)
FN:119,(anonymous_13)
FNF:14
FNH:0
FNDA:0,(anonymous_0)
FNDA:0,(anonymous_1)
FNDA:0,(anonymous_2)
FNDA:0,(anonymous_3)
FNDA:0,(anonymous_4)
FNDA:0,(anonymous_5)
FNDA:0,(anonymous_6)
FNDA:0,(anonymous_7)
FNDA:0,(anonymous_8)
FNDA:0,(anonymous_9)
FNDA:0,(anonymous_10)
FNDA:0,(anonymous_11)
FNDA:0,(anonymous_12)
FNDA:0,(anonymous_13)
DA:27,0
DA:29,0
DA:30,0
DA:31,0
DA:32,0
DA:33,0
DA:37,0
DA:38,0
DA:41,0
DA:42,0
DA:43,0
DA:46,0
DA:47,0
DA:48,0
DA:51,0
DA:52,0
DA:53,0
DA:57,0
DA:58,0
DA:60,0
DA:61,0
DA:62,0
DA:65,0
DA:67,0
DA:73,0
DA:76,0
DA:77,0
DA:80,0
DA:81,0
DA:82,0
DA:86,0
DA:89,0
DA:92,0
DA:93,0
DA:95,0
DA:96,0
DA:99,0
DA:100,0
DA:101,0
DA:104,0
DA:112,0
DA:119,0
DA:120,0
DA:123,0
LF:44
LH:0
BRDA:60,0,0,0
BRDA:60,0,1,0
BRDA:65,1,0,0
BRDA:65,1,1,0
BRDA:80,2,0,0
BRDA:80,2,1,0
BRDA:95,3,0,0
BRDA:95,3,1,0
BRDA:99,4,0,0
BRDA:99,4,1,0
BRF:10
BRH:0
end_of_record
TN:
SF:src/hooks/useExpenseForm.ts
FN:32,(anonymous_0)
FN:36,(anonymous_1)
FN:37,(anonymous_2)
FN:38,(anonymous_3)
FN:39,(anonymous_4)
FN:40,(anonymous_5)
FN:41,(anonymous_6)
FN:46,(anonymous_7)
FN:48,(anonymous_8)
FN:65,(anonymous_9)
FN:82,(anonymous_10)
FN:85,(anonymous_11)
FN:88,(anonymous_12)
FN:104,(anonymous_13)
FN:105,(anonymous_14)
FN:109,(anonymous_15)
FN:110,(anonymous_16)
FN:113,(anonymous_17)
FN:119,(anonymous_18)
FN:122,(anonymous_19)
FN:126,(anonymous_20)
FN:192,(anonymous_21)
FNF:22
FNH:0
FNDA:0,(anonymous_0)
FNDA:0,(anonymous_1)
FNDA:0,(anonymous_2)
FNDA:0,(anonymous_3)
FNDA:0,(anonymous_4)
FNDA:0,(anonymous_5)
FNDA:0,(anonymous_6)
FNDA:0,(anonymous_7)
FNDA:0,(anonymous_8)
FNDA:0,(anonymous_9)
FNDA:0,(anonymous_10)
FNDA:0,(anonymous_11)
FNDA:0,(anonymous_12)
FNDA:0,(anonymous_13)
FNDA:0,(anonymous_14)
FNDA:0,(anonymous_15)
FNDA:0,(anonymous_16)
FNDA:0,(anonymous_17)
FNDA:0,(anonymous_18)
FNDA:0,(anonymous_19)
FNDA:0,(anonymous_20)
FNDA:0,(anonymous_21)
DA:32,0
DA:33,0
DA:36,0
DA:37,0
DA:38,0
DA:39,0
DA:40,0
DA:41,0
DA:43,0
DA:46,0
DA:47,0
DA:48,0
DA:53,0
DA:65,0
DA:66,0
DA:68,0
DA:78,0
DA:81,0
DA:82,0
DA:84,0
DA:85,0
DA:87,0
DA:88,0
DA:91,0
DA:104,0
DA:105,0
DA:109,0
DA:110,0
DA:113,0
DA:119,0
DA:120,0
DA:122,0
DA:126,0
DA:128,0
DA:134,0
DA:135,0
DA:138,0
DA:139,0
DA:140,0
DA:141,0
DA:144,0
DA:149,0
DA:153,0
DA:161,0
DA:163,0
DA:164,0
DA:167,0
DA:168,0
DA:169,0
DA:173,0
DA:180,0
DA:192,0
DA:201,0
DA:202,0
DA:207,0
DA:210,0
DA:213,0
LF:57
LH:0
BRDA:47,0,0,0
BRDA:47,0,1,0
BRDA:66,1,0,0
BRDA:66,1,1,0
BRDA:81,2,0,0
BRDA:81,2,1,0
BRDA:82,3,0,0
BRDA:82,3,1,0
BRDA:84,4,0,0
BRDA:84,4,1,0
BRDA:85,5,0,0
BRDA:85,5,1,0
BRDA:87,6,0,0
BRDA:87,6,1,0
BRDA:95,7,0,0
BRDA:95,7,1,0
BRDA:120,8,0,0
BRDA:120,8,1,0
BRDA:128,9,0,0
BRDA:128,9,1,0
BRDA:129,10,0,0
BRDA:129,10,1,0
BRDA:129,10,2,0
BRDA:129,10,3,0
BRDA:139,11,0,0
BRDA:139,11,1,0
BRDA:139,12,0,0
BRDA:139,12,1,0
BRDA:144,13,0,0
BRDA:144,13,1,0
BRDA:145,14,0,0
BRDA:145,14,1,0
BRDA:145,14,2,0
BRDA:161,15,0,0
BRDA:161,15,1,0
BRDA:167,16,0,0
BRDA:167,16,1,0
BRDA:185,17,0,0
BRDA:185,17,1,0
BRDA:188,18,0,0
BRDA:188,18,1,0
BRDA:189,19,0,0
BRDA:189,19,1,0
BRDA:191,20,0,0
BRDA:191,20,1,0
BRDA:191,21,0,0
BRDA:191,21,1,0
BRDA:201,22,0,0
BRDA:201,22,1,0
BRDA:201,23,0,0
BRDA:201,23,1,0
BRF:51
BRH:0
end_of_record
TN:
SF:src/hooks/useExpenseModals.ts
FN:22,(anonymous_0)
FN:38,(anonymous_1)
FN:45,(anonymous_2)
FN:46,(anonymous_3)
FN:51,(anonymous_4)
FN:61,(anonymous_5)
FN:67,(anonymous_6)
FN:74,(anonymous_7)
FN:75,(anonymous_8)
FN:77,(anonymous_9)
FN:83,(anonymous_10)
FNF:11
FNH:0
FNDA:0,(anonymous_0)
FNDA:0,(anonymous_1)
FNDA:0,(anonymous_2)
FNDA:0,(anonymous_3)
FNDA:0,(anonymous_4)
FNDA:0,(anonymous_5)
FNDA:0,(anonymous_6)
FNDA:0,(anonymous_7)
FNDA:0,(anonymous_8)
FNDA:0,(anonymous_9)
FNDA:0,(anonymous_10)
DA:8,0
DA:22,0
DA:29,0
DA:32,0
DA:33,0
DA:34,0
DA:35,0
DA:38,0
DA:39,0
DA:45,0
DA:46,0
DA:47,0
DA:51,0
DA:54,0
DA:55,0
DA:57,0
DA:61,0
DA:62,0
DA:63,0
DA:64,0
DA:67,0
DA:68,0
DA:69,0
DA:70,0
DA:71,0
DA:74,0
DA:75,0
DA:76,0
DA:77,0
DA:79,0
DA:83,0
DA:90,0
LF:32
LH:0
BRDA:39,0,0,0
BRDA:39,0,1,0
BRDA:54,1,0,0
BRDA:54,1,1,0
BRDA:81,2,0,0
BRDA:81,2,1,0
BRF:6
BRH:0
end_of_record
TN:
SF:src/hooks/useInsightsData.ts
FN:47,(anonymous_0)
FN:53,(anonymous_1)
FN:54,(anonymous_2)
FN:55,(anonymous_3)
FN:56,(anonymous_4)
FN:69,(anonymous_5)
FN:79,(anonymous_6)
FN:97,(anonymous_7)
FN:99,(anonymous_8)
FN:106,(anonymous_9)
FN:116,(anonymous_10)
FN:121,(anonymous_11)
FN:146,(anonymous_12)
FN:151,(anonymous_13)
FN:161,(anonymous_14)
FNF:15
FNH:0
FNDA:0,(anonymous_0)
FNDA:0,(anonymous_1)
FNDA:0,(anonymous_2)
FNDA:0,(anonymous_3)
FNDA:0,(anonymous_4)
FNDA:0,(anonymous_5)
FNDA:0,(anonymous_6)
FNDA:0,(anonymous_7)
FNDA:0,(anonymous_8)
FNDA:0,(anonymous_9)
FNDA:0,(anonymous_10)
FNDA:0,(anonymous_11)
FNDA:0,(anonymous_12)
FNDA:0,(anonymous_13)
FNDA:0,(anonymous_14)
DA:47,0
DA:53,0
DA:54,0
DA:55,0
DA:56,0
DA:59,0
DA:60,0
DA:63,0
DA:66,0
DA:69,0
DA:70,0
DA:71,0
DA:72,0
DA:73,0
DA:75,0
DA:78,0
DA:79,0
DA:97,0
DA:98,0
DA:99,0
DA:100,0
DA:102,0
DA:106,0
DA:107,0
DA:116,0
DA:117,0
DA:121,0
DA:122,0
DA:129,0
DA:146,0
DA:147,0
DA:151,0
DA:152,0
DA:157,0
DA:158,0
DA:161,0
DA:162,0
DA:163,0
DA:164,0
DA:165,0
DA:169,0
LF:41
LH:0
BRDA:61,0,0,0
BRDA:61,0,1,0
BRDA:64,1,0,0
BRDA:64,1,1,0
BRDA:98,2,0,0
BRDA:98,2,1,0
BRDA:100,3,0,0
BRDA:100,3,1,0
BRDA:163,4,0,0
BRDA:163,4,1,0
BRF:10
BRH:0
end_of_record
TN:
SF:src/screens/AddExpenseScreen.tsx
FN:15,(anonymous_0)
FN:63,(anonymous_1)
FN:64,(anonymous_2)
FN:65,(anonymous_3)
FN:66,(anonymous_4)
FN:74,(anonymous_5)
FN:75,(anonymous_6)
FN:76,(anonymous_7)
FN:103,(anonymous_8)
FN:107,(anonymous_9)
FN:108,(anonymous_10)
FN:109,(anonymous_11)
FN:110,(anonymous_12)
FNF:13
FNH:0
FNDA:0,(anonymous_0)
FNDA:0,(anonymous_1)
FNDA:0,(anonymous_2)
FNDA:0,(anonymous_3)
FNDA:0,(anonymous_4)
FNDA:0,(anonymous_5)
FNDA:0,(anonymous_6)
FNDA:0,(anonymous_7)
FNDA:0,(anonymous_8)
FNDA:0,(anonymous_9)
FNDA:0,(anonymous_10)
FNDA:0,(anonymous_11)
FNDA:0,(anonymous_12)
DA:15,0
DA:16,0
DA:17,0
DA:29,0
DA:47,0
DA:54,0
DA:63,0
DA:64,0
DA:65,0
DA:66,0
DA:74,0
DA:75,0
DA:76,0
DA:104,0
DA:107,0
DA:108,0
DA:109,0
DA:110,0
DA:117,0
LF:19
LH:0
BRDA:82,0,0,0
BRDA:82,0,1,0
BRF:2
BRH:0
end_of_record
TN:
SF:src/screens/ExpenseInsightsScreen.tsx
FN:31,(anonymous_0)
FN:43,(anonymous_1)
FN:53,(anonymous_2)
FN:63,(anonymous_3)
FNF:4
FNH:0
FNDA:0,(anonymous_0)
FNDA:0,(anonymous_1)
FNDA:0,(anonymous_2)
FNDA:0,(anonymous_3)
DA:31,0
DA:32,0
DA:33,0
DA:35,0
DA:37,0
DA:43,0
DA:44,0
DA:47,0
DA:53,0
DA:63,0
DA:76,0
LF:11
LH:0
BRF:0
BRH:0
end_of_record
TN:
SF:src/screens/GroupDetailScreen.tsx
FN:41,(anonymous_0)
FN:47,(anonymous_1)
FN:48,(anonymous_2)
FN:49,(anonymous_3)
FN:50,(anonymous_4)
FN:51,(anonymous_5)
FN:60,(anonymous_6)
FN:61,(anonymous_7)
FN:65,(anonymous_8)
FN:66,(anonymous_9)
FN:70,(anonymous_10)
FN:75,(anonymous_11)
FN:87,(anonymous_12)
FN:92,(anonymous_13)
FN:102,(anonymous_14)
FN:107,(anonymous_15)
FN:113,(anonymous_16)
FN:128,(anonymous_17)
FN:145,(anonymous_18)
FN:162,(anonymous_19)
FN:175,(anonymous_20)
FN:192,(anonymous_21)
FNF:22
FNH:0
FNDA:0,(anonymous_0)
FNDA:0,(anonymous_1)
FNDA:0,(anonymous_2)
FNDA:0,(anonymous_3)
FNDA:0,(anonymous_4)
FNDA:0,(anonymous_5)
FNDA:0,(anonymous_6)
FNDA:0,(anonymous_7)
FNDA:0,(anonymous_8)
FNDA:0,(anonymous_9)
FNDA:0,(anonymous_10)
FNDA:0,(anonymous_11)
FNDA:0,(anonymous_12)
FNDA:0,(anonymous_13)
FNDA:0,(anonymous_14)
FNDA:0,(anonymous_15)
FNDA:0,(anonymous_16)
FNDA:0,(anonymous_17)
FNDA:0,(anonymous_18)
FNDA:0,(anonymous_19)
FNDA:0,(anonymous_20)
FNDA:0,(anonymous_21)
DA:41,0
DA:42,0
DA:43,0
DA:44,0
DA:47,0
DA:48,0
DA:49,0
DA:50,0
DA:51,0
DA:55,0
DA:60,0
DA:61,0
DA:65,0
DA:66,0
DA:70,0
DA:72,0
DA:75,0
DA:76,0
DA:77,0
DA:79,0
DA:87,0
DA:88,0
DA:92,0
DA:93,0
DA:94,0
DA:96,0
DA:98,0
DA:102,0
DA:104,0
DA:107,0
DA:109,0
DA:113,0
DA:115,0
DA:128,0
DA:129,0
DA:132,0
DA:134,0
DA:141,0
DA:146,0
DA:162,0
DA:175,0
DA:192,0
DA:204,0
LF:43
LH:0
BRDA:76,0,0,0
BRDA:76,0,1,0
BRDA:88,1,0,0
BRDA:88,1,1,0
BRDA:94,2,0,0
BRDA:94,2,1,0
BRDA:118,3,0,0
BRDA:118,3,1,0
BRDA:129,4,0,0
BRDA:129,4,1,0
BRDA:132,5,0,0
BRDA:132,5,1,0
BRDA:160,6,0,0
BRDA:160,6,1,0
BRDA:189,7,0,0
BRDA:189,7,1,0
BRDA:189,7,2,0
BRF:17
BRH:0
end_of_record
TN:
SF:src/screens/HistoryScreen.tsx
FN:29,(anonymous_0)
FN:32,(anonymous_1)
FN:33,(anonymous_2)
FN:34,(anonymous_3)
FN:39,(anonymous_4)
FN:40,(anonymous_5)
FN:42,(anonymous_6)
FN:45,(anonymous_7)
FN:47,(anonymous_8)
FN:59,(anonymous_9)
FN:68,(anonymous_10)
FN:75,(anonymous_11)
FN:84,(anonymous_12)
FN:91,(anonymous_13)
FN:100,(anonymous_14)
FN:109,(anonymous_15)
FN:115,(anonymous_16)
FN:119,(anonymous_17)
FN:128,(anonymous_18)
FN:134,(anonymous_19)
FN:164,(anonymous_20)
FN:178,(anonymous_21)
FN:187,(anonymous_22)
FNF:23
FNH:0
FNDA:0,(anonymous_0)
FNDA:0,(anonymous_1)
FNDA:0,(anonymous_2)
FNDA:0,(anonymous_3)
FNDA:0,(anonymous_4)
FNDA:0,(anonymous_5)
FNDA:0,(anonymous_6)
FNDA:0,(anonymous_7)
FNDA:0,(anonymous_8)
FNDA:0,(anonymous_9)
FNDA:0,(anonymous_10)
FNDA:0,(anonymous_11)
FNDA:0,(anonymous_12)
FNDA:0,(anonymous_13)
FNDA:0,(anonymous_14)
FNDA:0,(anonymous_15)
FNDA:0,(anonymous_16)
FNDA:0,(anonymous_17)
FNDA:0,(anonymous_18)
FNDA:0,(anonymous_19)
FNDA:0,(anonymous_20)
FNDA:0,(anonymous_21)
FNDA:0,(anonymous_22)
DA:29,0
DA:30,0
DA:32,0
DA:33,0
DA:34,0
DA:39,0
DA:40,0
DA:41,0
DA:42,0
DA:44,0
DA:45,0
DA:47,0
DA:50,0
DA:52,0
DA:54,0
DA:59,0
DA:60,0
DA:68,0
DA:75,0
DA:76,0
DA:84,0
DA:91,0
DA:92,0
DA:93,0
DA:100,0
DA:104,0
DA:106,0
DA:109,0
DA:110,0
DA:115,0
DA:116,0
DA:117,0
DA:119,0
DA:120,0
DA:121,0
DA:122,0
DA:124,0
DA:128,0
DA:129,0
DA:134,0
DA:136,0
DA:138,0
DA:150,0
DA:164,0
DA:178,0
DA:188,0
DA:189,0
DA:198,0
LF:48
LH:0
BRDA:92,0,0,0
BRDA:92,0,1,0
BRDA:120,1,0,0
BRDA:120,1,1,0
BRDA:183,2,0,0
BRDA:183,2,1,0
BRF:6
BRH:0
end_of_record
TN:
SF:src/screens/HomeScreen.tsx
FN:29,(anonymous_0)
FN:32,(anonymous_1)
FN:33,(anonymous_2)
FN:34,(anonymous_3)
FN:35,(anonymous_4)
FN:36,(anonymous_5)
FN:37,(anonymous_6)
FN:47,(anonymous_7)
FN:51,(anonymous_8)
FN:64,(anonymous_9)
FN:65,(anonymous_10)
FN:70,(anonymous_11)
FN:72,(anonymous_12)
FN:80,(anonymous_13)
FN:84,(anonymous_14)
FN:88,(anonymous_15)
FN:112,(anonymous_16)
FN:138,(anonymous_17)
FNF:18
FNH:0
FNDA:0,(anonymous_0)
FNDA:0,(anonymous_1)
FNDA:0,(anonymous_2)
FNDA:0,(anonymous_3)
FNDA:0,(anonymous_4)
FNDA:0,(anonymous_5)
FNDA:0,(anonymous_6)
FNDA:0,(anonymous_7)
FNDA:0,(anonymous_8)
FNDA:0,(anonymous_9)
FNDA:0,(anonymous_10)
FNDA:0,(anonymous_11)
FNDA:0,(anonymous_12)
FNDA:0,(anonymous_13)
FNDA:0,(anonymous_14)
FNDA:0,(anonymous_15)
FNDA:0,(anonymous_16)
FNDA:0,(anonymous_17)
DA:29,0
DA:30,0
DA:32,0
DA:33,0
DA:34,0
DA:35,0
DA:36,0
DA:37,0
DA:47,0
DA:48,0
DA:49,0
DA:51,0
DA:52,0
DA:54,0
DA:56,0
DA:60,0
DA:64,0
DA:65,0
DA:66,0
DA:70,0
DA:71,0
DA:72,0
DA:73,0
DA:74,0
DA:77,0
DA:80,0
DA:81,0
DA:84,0
DA:85,0
DA:88,0
DA:90,0
DA:93,0
DA:95,0
DA:107,0
DA:113,0
DA:114,0
DA:138,0
DA:147,0
LF:38
LH:0
BRDA:48,0,0,0
BRDA:48,0,1,0
BRDA:54,1,0,0
BRDA:54,1,1,0
BRDA:56,2,0,0
BRDA:56,2,1,0
BRDA:56,2,2,0
BRDA:60,3,0,0
BRDA:60,3,1,0
BRDA:60,3,2,0
BRDA:73,4,0,0
BRDA:73,4,1,0
BRDA:90,5,0,0
BRDA:90,5,1,0
BRDA:90,6,0,0
BRDA:90,6,1,0
BRDA:98,7,0,0
BRDA:98,7,1,0
BRDA:113,8,0,0
BRDA:113,8,1,0
BRDA:129,9,0,0
BRDA:129,9,1,0
BRF:22
BRH:0
end_of_record
TN:
SF:src/screens/ManageCategoriesScreen.tsx
FN:15,(anonymous_0)
FN:18,(anonymous_1)
FN:37,(anonymous_2)
FNF:3
FNH:0
FNDA:0,(anonymous_0)
FNDA:0,(anonymous_1)
FNDA:0,(anonymous_2)
DA:15,0
DA:16,0
DA:18,0
DA:19,0
DA:27,0
DA:37,0
DA:60,0
LF:7
LH:0
BRF:0
BRH:0
end_of_record
TN:
SF:src/screens/SettingsScreen.tsx
FN:26,(anonymous_0)
FN:31,(anonymous_1)
FN:57,(anonymous_2)
FNF:3
FNH:0
FNDA:0,(anonymous_0)
FNDA:0,(anonymous_1)
FNDA:0,(anonymous_2)
DA:26,0
DA:27,0
DA:28,0
DA:29,0
DA:31,0
DA:32,0
DA:33,0
DA:34,0
DA:37,0
DA:38,0
DA:41,0
DA:57,0
DA:65,0
LF:13
LH:0
BRDA:29,0,0,0
BRDA:29,0,1,0
BRDA:32,1,0,0
BRDA:32,1,1,0
BRF:4
BRH:0
end_of_record
TN:
SF:src/store/composedExpenseStore.ts
FN:13,(anonymous_0)
FN:16,(anonymous_1)
FN:34,(anonymous_2)
FN:37,(anonymous_3)
FN:38,(anonymous_4)
FN:41,(anonymous_5)
FN:44,(anonymous_6)
FN:61,(anonymous_7)
FN:73,(anonymous_8)
FN:77,(anonymous_9)
FN:82,(anonymous_10)
FN:95,(anonymous_11)
FN:99,(anonymous_12)
FN:103,(anonymous_13)
FN:107,(anonymous_14)
FN:112,(anonymous_15)
FN:158,(anonymous_16)
FN:162,(anonymous_17)
FN:167,(anonymous_18)
FN:172,(anonymous_19)
FN:176,(anonymous_20)
FN:183,(anonymous_21)
FN:191,(anonymous_22)
FN:195,(anonymous_23)
FN:206,(anonymous_24)
FN:213,(anonymous_25)
FN:217,(anonymous_26)
FN:221,(anonymous_27)
FN:225,(anonymous_28)
FN:233,(anonymous_29)
FNF:30
FNH:11
FNDA:0,(anonymous_0)
FNDA:2,(anonymous_1)
FNDA:18,(anonymous_2)
FNDA:16,(anonymous_3)
FNDA:19,(anonymous_4)
FNDA:10,(anonymous_5)
FNDA:27,(anonymous_6)
FNDA:6,(anonymous_7)
FNDA:11,(anonymous_8)
FNDA:0,(anonymous_9)
FNDA:0,(anonymous_10)
FNDA:6,(anonymous_11)
FNDA:0,(anonymous_12)
FNDA:0,(anonymous_13)
FNDA:0,(anonymous_14)
FNDA:6,(anonymous_15)
FNDA:0,(anonymous_16)
FNDA:0,(anonymous_17)
FNDA:0,(anonymous_18)
FNDA:0,(anonymous_19)
FNDA:0,(anonymous_20)
FNDA:0,(anonymous_21)
FNDA:0,(anonymous_22)
FNDA:0,(anonymous_23)
FNDA:0,(anonymous_24)
FNDA:0,(anonymous_25)
FNDA:0,(anonymous_26)
FNDA:0,(anonymous_27)
FNDA:0,(anonymous_28)
FNDA:2,(anonymous_29)
DA:13,2
DA:15,2
DA:18,2
DA:34,2
DA:35,18
DA:37,16
DA:38,2
DA:39,19
DA:41,2
DA:42,10
DA:44,2
DA:45,27
DA:56,2
DA:62,6
DA:65,6
DA:66,6
DA:67,6
DA:74,11
DA:78,0
DA:83,0
DA:86,0
DA:87,0
DA:88,0
DA:96,6
DA:100,0
DA:104,0
DA:108,0
DA:114,6
DA:115,6
DA:116,6
DA:119,6
DA:120,6
DA:122,6
DA:123,6
DA:127,6
DA:132,2
DA:133,4
DA:135,0
DA:136,0
DA:140,4
DA:142,3
DA:143,3
DA:146,3
DA:151,1
DA:155,6
DA:159,0
DA:163,0
DA:164,0
DA:168,0
DA:173,0
DA:177,0
DA:178,0
DA:184,0
DA:185,0
DA:186,0
DA:192,0
DA:196,0
DA:199,0
DA:200,0
DA:207,0
DA:214,0
DA:218,0
DA:222,0
DA:226,0
DA:233,2
DA:234,2
DA:235,2
DA:236,2
DA:241,2
LF:69
LH:40
BRDA:66,0,0,6
BRDA:66,0,1,0
BRDA:87,1,0,0
BRDA:87,1,1,0
BRDA:119,2,0,6
BRDA:119,2,1,4
BRDA:120,3,0,6
BRDA:120,3,1,4
BRDA:122,4,0,6
BRDA:122,4,1,0
BRDA:127,5,0,2
BRDA:127,5,1,4
BRDA:128,6,0,6
BRDA:128,6,1,3
BRDA:128,6,2,2
BRDA:133,7,0,0
BRDA:133,7,1,4
BRDA:133,8,0,4
BRDA:133,8,1,3
BRDA:140,9,0,3
BRDA:140,9,1,1
BRDA:140,10,0,4
BRDA:140,10,1,3
BRDA:199,11,0,0
BRDA:199,11,1,0
BRDA:235,12,0,2
BRDA:235,12,1,0
BRF:27
BRH:19
end_of_record
TN:
SF:src/store/expenseStore.ts
FNF:0
FNH:0
LF:0
LH:0
BRF:0
BRH:0
end_of_record
TN:
SF:src/store/features/categoryStore.ts
FN:6,(anonymous_0)
FN:18,(anonymous_1)
FN:21,(anonymous_2)
FN:23,(anonymous_3)
FN:31,(anonymous_4)
FN:32,(anonymous_5)
FN:47,(anonymous_6)
FN:54,(anonymous_7)
FN:55,(anonymous_8)
FN:56,(anonymous_9)
FN:61,(anonymous_10)
FN:62,(anonymous_11)
FN:65,(anonymous_12)
FN:73,(anonymous_13)
FN:78,(anonymous_14)
FN:79,(anonymous_15)
FNF:16
FNH:9
FNDA:0,(anonymous_0)
FNDA:3,(anonymous_1)
FNDA:3,(anonymous_2)
FNDA:11,(anonymous_3)
FNDA:1,(anonymous_4)
FNDA:8,(anonymous_5)
FNDA:1,(anonymous_6)
FNDA:0,(anonymous_7)
FNDA:0,(anonymous_8)
FNDA:0,(anonymous_9)
FNDA:1,(anonymous_10)
FNDA:1,(anonymous_11)
FNDA:8,(anonymous_12)
FNDA:0,(anonymous_13)
FNDA:0,(anonymous_14)
FNDA:0,(anonymous_15)
DA:6,3
DA:18,3
DA:22,3
DA:23,11
DA:25,3
DA:27,2
DA:29,2
DA:30,1
DA:31,1
DA:33,8
DA:36,1
DA:38,1
DA:41,1
DA:47,1
DA:51,1
DA:55,0
DA:57,0
DA:62,1
DA:64,1
DA:65,8
DA:67,1
DA:68,1
DA:69,1
DA:71,0
DA:73,0
DA:79,0
LF:26
LH:21
BRDA:25,0,0,2
BRDA:25,0,1,1
BRDA:29,1,0,1
BRDA:29,1,1,1
BRDA:33,2,0,1
BRDA:33,2,1,7
BRDA:57,3,0,0
BRDA:57,3,1,0
BRDA:67,4,0,1
BRDA:67,4,1,0
BRDA:67,5,0,1
BRDA:67,5,1,1
BRF:12
BRH:9
end_of_record
TN:
SF:src/store/features/expenseStore.ts
FN:5,(anonymous_0)
FN:22,(anonymous_1)
FN:25,(anonymous_2)
FN:30,(anonymous_3)
FN:32,(anonymous_4)
FN:37,(anonymous_5)
FN:38,(anonymous_6)
FN:40,(anonymous_7)
FN:44,(anonymous_8)
FN:48,(anonymous_9)
FN:49,(anonymous_10)
FN:50,(anonymous_11)
FN:53,(anonymous_12)
FN:53,(anonymous_13)
FN:55,(anonymous_14)
FN:56,(anonymous_15)
FN:57,(anonymous_16)
FN:70,(anonymous_17)
FN:71,(anonymous_18)
FN:72,(anonymous_19)
FN:80,(anonymous_20)
FN:81,(anonymous_21)
FN:82,(anonymous_22)
FN:86,(anonymous_23)
FNF:24
FNH:7
FNDA:3256,(anonymous_0)
FNDA:4,(anonymous_1)
FNDA:3256,(anonymous_2)
FNDA:3256,(anonymous_3)
FNDA:1955620,(anonymous_4)
FNDA:0,(anonymous_5)
FNDA:0,(anonymous_6)
FNDA:0,(anonymous_7)
FNDA:0,(anonymous_8)
FNDA:0,(anonymous_9)
FNDA:0,(anonymous_10)
FNDA:0,(anonymous_11)
FNDA:0,(anonymous_12)
FNDA:0,(anonymous_13)
FNDA:2,(anonymous_14)
FNDA:2,(anonymous_15)
FNDA:0,(anonymous_16)
FNDA:0,(anonymous_17)
FNDA:0,(anonymous_18)
FNDA:0,(anonymous_19)
FNDA:0,(anonymous_20)
FNDA:0,(anonymous_21)
FNDA:0,(anonymous_22)
FNDA:0,(anonymous_23)
DA:5,3256
DA:22,4
DA:26,3256
DA:30,3256
DA:32,1955620
DA:38,0
DA:41,0
DA:44,0
DA:49,0
DA:50,0
DA:53,0
DA:56,2
DA:58,0
DA:59,0
DA:65,0
DA:71,0
DA:73,0
DA:81,0
DA:82,0
DA:86,0
LF:20
LH:6
BRDA:41,0,0,0
BRDA:41,0,1,0
BRDA:58,1,0,0
BRDA:58,1,1,0
BRDA:58,2,0,0
BRDA:58,2,1,0
BRDA:73,3,0,0
BRDA:73,3,1,0
BRDA:84,4,0,0
BRDA:84,4,1,0
BRF:10
BRH:0
end_of_record
TN:
SF:src/store/features/groupStore.ts
FN:5,(anonymous_0)
FN:30,(anonymous_1)
FN:33,(anonymous_2)
FN:42,(anonymous_3)
FN:49,(anonymous_4)
FN:50,(anonymous_5)
FN:51,(anonymous_6)
FN:56,(anonymous_7)
FN:57,(anonymous_8)
FN:58,(anonymous_9)
FN:61,(anonymous_10)
FN:61,(anonymous_11)
FN:63,(anonymous_12)
FN:64,(anonymous_13)
FN:65,(anonymous_14)
FN:67,(anonymous_15)
FN:76,(anonymous_16)
FN:77,(anonymous_17)
FN:78,(anonymous_18)
FN:83,(anonymous_19)
FN:90,(anonymous_20)
FN:91,(anonymous_21)
FN:92,(anonymous_22)
FN:94,(anonymous_23)
FN:100,(anonymous_24)
FN:101,(anonymous_25)
FN:102,(anonymous_26)
FN:104,(anonymous_27)
FNF:28
FNH:26
FNDA:11,(anonymous_0)
FNDA:3,(anonymous_1)
FNDA:11,(anonymous_2)
FNDA:11,(anonymous_3)
FNDA:1,(anonymous_4)
FNDA:1,(anonymous_5)
FNDA:1,(anonymous_6)
FNDA:1,(anonymous_7)
FNDA:1,(anonymous_8)
FNDA:1,(anonymous_9)
FNDA:0,(anonymous_10)
FNDA:0,(anonymous_11)
FNDA:4,(anonymous_12)
FNDA:4,(anonymous_13)
FNDA:4,(anonymous_14)
FNDA:5,(anonymous_15)
FNDA:1,(anonymous_16)
FNDA:1,(anonymous_17)
FNDA:1,(anonymous_18)
FNDA:2,(anonymous_19)
FNDA:1,(anonymous_20)
FNDA:1,(anonymous_21)
FNDA:1,(anonymous_22)
FNDA:2,(anonymous_23)
FNDA:1,(anonymous_24)
FNDA:1,(anonymous_25)
FNDA:1,(anonymous_26)
FNDA:2,(anonymous_27)
DA:5,11
DA:30,3
DA:34,11
DA:35,11
DA:42,11
DA:46,11
DA:50,1
DA:52,1
DA:57,1
DA:58,1
DA:61,0
DA:64,4
DA:66,4
DA:67,5
DA:77,1
DA:79,1
DA:83,2
DA:91,1
DA:92,1
DA:95,2
DA:101,1
DA:102,1
DA:104,2
LF:23
LH:22
BRDA:38,0,0,11
BRDA:38,0,1,0
BRDA:52,1,0,1
BRDA:52,1,1,0
BRDA:66,2,0,3
BRDA:66,2,1,1
BRDA:66,3,0,4
BRDA:66,3,1,4
BRDA:79,4,0,1
BRDA:79,4,1,0
BRDA:95,5,0,1
BRDA:95,5,1,1
BRF:12
BRH:9
end_of_record
TN:
SF:src/store/features/participantStore.ts
FN:5,(anonymous_0)
FN:21,(anonymous_1)
FN:24,(anonymous_2)
FN:26,(anonymous_3)
FN:27,(anonymous_4)
FN:29,(anonymous_5)
FN:36,(anonymous_6)
FN:60,(anonymous_7)
FN:61,(anonymous_8)
FN:62,(anonymous_9)
FN:69,(anonymous_10)
FN:70,(anonymous_11)
FN:72,(anonymous_12)
FN:76,(anonymous_13)
FN:77,(anonymous_14)
FN:79,(anonymous_15)
FN:87,(anonymous_16)
FN:90,(anonymous_17)
FN:95,(anonymous_18)
FNF:19
FNH:16
FNDA:4,(anonymous_0)
FNDA:3,(anonymous_1)
FNDA:9,(anonymous_2)
FNDA:9,(anonymous_3)
FNDA:2,(anonymous_4)
FNDA:2,(anonymous_5)
FNDA:1,(anonymous_6)
FNDA:0,(anonymous_7)
FNDA:0,(anonymous_8)
FNDA:0,(anonymous_9)
FNDA:1,(anonymous_10)
FNDA:1,(anonymous_11)
FNDA:1,(anonymous_12)
FNDA:6,(anonymous_13)
FNDA:3,(anonymous_14)
FNDA:8,(anonymous_15)
FNDA:8,(anonymous_16)
FNDA:6,(anonymous_17)
FNDA:3,(anonymous_18)
DA:5,4
DA:21,3
DA:25,9
DA:26,9
DA:27,9
DA:28,9
DA:29,2
DA:32,9
DA:33,1
DA:34,1
DA:37,1
DA:41,0
DA:43,8
DA:44,1
DA:47,1
DA:49,7
DA:50,7
DA:55,0
DA:57,9
DA:61,0
DA:63,0
DA:70,1
DA:72,1
DA:77,6
DA:83,8
DA:84,0
DA:87,8
DA:88,8
DA:89,8
DA:90,6
DA:93,8
DA:94,6
DA:95,3
DA:96,3
DA:100,2
DA:103,8
LF:36
LH:31
BRDA:25,0,0,9
BRDA:25,0,1,4
BRDA:29,1,0,2
BRDA:29,1,1,1
BRDA:32,2,0,1
BRDA:32,2,1,8
BRDA:32,3,0,9
BRDA:32,3,1,1
BRDA:33,4,0,1
BRDA:33,4,1,0
BRDA:37,5,0,1
BRDA:37,5,1,0
BRDA:43,6,0,1
BRDA:43,6,1,7
BRDA:49,7,0,7
BRDA:49,7,1,0
BRDA:49,8,0,7
BRDA:49,8,1,7
BRDA:63,9,0,0
BRDA:63,9,1,0
BRDA:83,10,0,0
BRDA:83,10,1,8
BRDA:83,11,0,8
BRDA:83,11,1,8
BRDA:93,12,0,6
BRDA:93,12,1,2
BRDA:94,13,0,3
BRDA:94,13,1,3
BRDA:96,14,0,3
BRDA:96,14,1,0
BRF:30
BRH:23
end_of_record
TN:
SF:src/store/features/userStore.ts
FN:5,(anonymous_0)
FN:26,(anonymous_1)
FN:48,(anonymous_2)
FN:57,(anonymous_3)
FN:62,(anonymous_4)
FN:73,(anonymous_5)
FN:89,(anonymous_6)
FNF:7
FNH:4
FNDA:2,(anonymous_0)
FNDA:2,(anonymous_1)
FNDA:6,(anonymous_2)
FNDA:11,(anonymous_3)
FNDA:0,(anonymous_4)
FNDA:0,(anonymous_5)
FNDA:0,(anonymous_6)
DA:5,2
DA:26,2
DA:28,2
DA:31,2
DA:38,2
DA:49,6
DA:50,6
DA:54,6
DA:58,11
DA:59,11
DA:63,0
DA:64,0
DA:68,0
DA:69,0
DA:74,0
DA:77,0
DA:78,0
DA:79,0
DA:85,0
DA:90,0
DA:91,0
LF:21
LH:10
BRDA:50,0,0,5
BRDA:50,0,1,1
BRDA:77,1,0,0
BRDA:77,1,1,0
BRDA:79,2,0,0
BRDA:79,2,1,0
BRDA:82,3,0,0
BRDA:82,3,1,0
BRDA:91,4,0,0
BRDA:91,4,1,0
BRDA:91,4,2,0
BRF:11
BRH:2
end_of_record
TN:
SF:src/utils/expenseCalculations.ts
FN:8,(anonymous_0)
FN:9,(anonymous_1)
FN:21,(anonymous_2)
FNF:3
FNH:0
FNDA:0,(anonymous_0)
FNDA:0,(anonymous_1)
FNDA:0,(anonymous_2)
DA:8,0
DA:9,0
DA:21,0
DA:26,0
DA:27,0
DA:28,0
DA:30,0
DA:34,0
DA:35,0
DA:40,0
DA:46,0
DA:49,0
DA:51,0
DA:55,0
LF:14
LH:0
BRDA:26,0,0,0
BRDA:26,0,1,0
BRDA:26,1,0,0
BRDA:26,1,1,0
BRDA:27,2,0,0
BRDA:27,2,1,0
BRDA:27,3,0,0
BRDA:27,3,1,0
BRDA:34,4,0,0
BRDA:34,4,1,0
BRDA:34,5,0,0
BRDA:34,5,1,0
BRDA:40,6,0,0
BRDA:40,6,1,0
BRDA:41,7,0,0
BRDA:41,7,1,0
BRDA:41,7,2,0
BRDA:41,7,3,0
BRDA:41,7,4,0
BRDA:49,8,0,0
BRDA:49,8,1,0
BRDA:49,9,0,0
BRDA:49,9,1,0
BRF:23
BRH:0
end_of_record
TN:
SF:src/utils/groupCalculations.ts
FN:9,(anonymous_0)
FN:14,(anonymous_1)
FN:15,(anonymous_2)
FN:25,(anonymous_3)
FN:31,(anonymous_4)
FN:32,(anonymous_5)
FN:51,(anonymous_6)
FN:61,(anonymous_7)
FN:65,(anonymous_8)
FN:81,(anonymous_9)
FN:90,(anonymous_10)
FNF:11
FNH:0
FNDA:0,(anonymous_0)
FNDA:0,(anonymous_1)
FNDA:0,(anonymous_2)
FNDA:0,(anonymous_3)
FNDA:0,(anonymous_4)
FNDA:0,(anonymous_5)
FNDA:0,(anonymous_6)
FNDA:0,(anonymous_7)
FNDA:0,(anonymous_8)
FNDA:0,(anonymous_9)
FNDA:0,(anonymous_10)
DA:9,0
DA:13,0
DA:14,0
DA:15,0
DA:25,0
DA:30,0
DA:31,0
DA:32,0
DA:51,0
DA:55,0
DA:56,0
DA:59,0
DA:61,0
DA:62,0
DA:65,0
DA:67,0
DA:68,0
DA:75,0
DA:79,0
DA:80,0
DA:81,0
DA:83,0
DA:84,0
DA:90,0
DA:91,0
DA:92,0
DA:93,0
LF:27
LH:0
BRDA:31,0,0,0
BRDA:31,0,1,0
BRDA:55,1,0,0
BRDA:55,1,1,0
BRDA:55,2,0,0
BRDA:55,2,1,0
BRDA:67,3,0,0
BRDA:67,3,1,0
BRDA:67,4,0,0
BRDA:67,4,1,0
BRDA:75,5,0,0
BRDA:75,5,1,0
BRDA:75,6,0,0
BRDA:75,6,1,0
BRDA:79,7,0,0
BRDA:79,7,1,0
BRDA:83,8,0,0
BRDA:83,8,1,0
BRDA:91,9,0,0
BRDA:91,9,1,0
BRDA:92,10,0,0
BRDA:92,10,1,0
BRF:22
BRH:0
end_of_record
TN:
SF:src/utils/calculations/insightCalculations.ts
FN:20,(anonymous_0)
FN:26,(anonymous_1)
FN:37,(anonymous_2)
FN:52,(anonymous_3)
FN:53,(anonymous_4)
FN:70,(anonymous_5)
FN:76,(anonymous_6)
FN:94,(anonymous_7)
FN:102,(anonymous_8)
FN:104,(anonymous_9)
FN:113,(anonymous_10)
FN:135,(anonymous_11)
FN:150,(anonymous_12)
FN:173,(anonymous_13)
FNF:14
FNH:14
FNDA:11,(anonymous_0)
FNDA:18,(anonymous_1)
FNDA:5,(anonymous_2)
FNDA:6,(anonymous_3)
FNDA:13,(anonymous_4)
FNDA:7,(anonymous_5)
FNDA:22,(anonymous_6)
FNDA:4,(anonymous_7)
FNDA:5,(anonymous_8)
FNDA:10,(anonymous_9)
FNDA:10,(anonymous_10)
FNDA:6,(anonymous_11)
FNDA:6,(anonymous_12)
FNDA:11,(anonymous_13)
DA:20,2
DA:23,11
DA:24,11
DA:26,11
DA:27,18
DA:28,18
DA:31,11
DA:37,2
DA:42,5
DA:43,1
DA:46,4
DA:48,4
DA:49,1
DA:52,3
DA:53,13
DA:55,6
DA:70,2
DA:76,7
DA:77,22
DA:79,22
DA:80,11
DA:83,11
DA:94,2
DA:100,4
DA:102,5
DA:103,3
DA:104,10
DA:107,1
DA:113,2
DA:118,10
DA:119,10
DA:120,10
DA:122,10
DA:123,5
DA:129,5
DA:135,2
DA:141,6
DA:142,4
DA:144,2
DA:150,2
DA:155,6
DA:156,4
DA:157,4
DA:159,4
DA:160,2
DA:161,2
DA:164,4
DA:166,2
DA:173,2
DA:178,11
DA:179,11
DA:180,11
DA:182,11
DA:183,6
DA:184,6
DA:186,6
DA:187,1
DA:188,1
DA:192,6
DA:196,3
DA:199,3
DA:201,5
DA:204,5
DA:205,3
DA:208,2
LF:65
LH:65
BRDA:27,0,0,18
BRDA:27,0,1,15
BRDA:40,1,0,4
BRDA:42,2,0,1
BRDA:42,2,1,4
BRDA:48,3,0,1
BRDA:48,3,1,3
BRDA:56,4,0,6
BRDA:56,4,1,0
BRDA:59,5,0,5
BRDA:59,5,1,1
BRDA:61,6,0,6
BRDA:61,6,1,0
BRDA:62,7,0,6
BRDA:62,7,1,0
BRDA:79,8,0,11
BRDA:79,8,1,11
BRDA:84,9,0,11
BRDA:84,9,1,8
BRDA:100,10,0,1
BRDA:100,10,1,3
BRDA:100,11,0,4
BRDA:100,11,1,2
BRDA:103,12,0,2
BRDA:103,12,1,1
BRDA:122,13,0,5
BRDA:122,13,1,5
BRDA:124,14,0,5
BRDA:124,14,1,5
BRDA:124,14,2,5
BRDA:141,15,0,4
BRDA:141,15,1,2
BRDA:155,16,0,4
BRDA:155,16,1,2
BRDA:159,17,0,2
BRDA:159,17,1,2
BRDA:182,18,0,6
BRDA:182,18,1,5
BRDA:186,19,0,1
BRDA:186,19,1,5
BRDA:192,20,0,3
BRDA:192,20,1,3
BRDA:193,21,0,6
BRDA:193,21,1,6
BRDA:193,21,2,6
BRDA:204,22,0,3
BRDA:204,22,1,2
BRF:47
BRH:44
end_of_record
